2024-01-18 11:30:08,501 INFO:main.py:240:print_splash_screen:PDB2PQR v3.6.2: biomolecular structure conversion software.
2024-01-18 11:30:08,501 INFO:main.py:242:print_splash_screen:Please cite:  Jurrus E, et al.  Improvements to the APBS biomolecular solvation software suite.  Protein Sci 27 112-128 (2018).
2024-01-18 11:30:08,501 INFO:main.py:242:print_splash_screen:Please cite:  Dolinsky TJ, et al.  PDB2PQR: expanding and upgrading automated preparation of biomolecular structures for molecular simulations. Nucleic Acids Res 35 W522-W525 (2007).
2024-01-18 11:30:08,501 INFO:main.py:768:main_driver:Checking and transforming input arguments.
2024-01-18 11:30:08,503 INFO:main.py:772:main_driver:Loading topology files.
2024-01-18 11:30:08,537 INFO:main.py:774:main_driver:Loading molecule: 5xh3.pdb
2024-01-18 11:30:08,545 INFO:main.py:779:main_driver:Setting up molecule.
2024-01-18 11:30:08,557 INFO:main.py:417:setup_molecule:Created biomolecule object with 261 residues and 1911 atoms.
2024-01-18 11:30:08,557 WARNING:main.py:427:setup_molecule:Multiple occupancies found: CA in SER A 63.
2024-01-18 11:30:08,557 WARNING:main.py:427:setup_molecule:Multiple occupancies found: CB in SER A 63.
2024-01-18 11:30:08,557 WARNING:main.py:427:setup_molecule:Multiple occupancies found: OG in SER A 63.
2024-01-18 11:30:08,557 WARNING:main.py:433:setup_molecule:Multiple occupancies found in SER A 63. At least one of the instances is being ignored.
2024-01-18 11:30:08,557 WARNING:main.py:427:setup_molecule:Multiple occupancies found: CA in SER A 92.
2024-01-18 11:30:08,557 WARNING:main.py:427:setup_molecule:Multiple occupancies found: CB in SER A 92.
2024-01-18 11:30:08,557 WARNING:main.py:427:setup_molecule:Multiple occupancies found: OG in SER A 92.
2024-01-18 11:30:08,557 WARNING:main.py:433:setup_molecule:Multiple occupancies found in SER A 92. At least one of the instances is being ignored.
2024-01-18 11:30:08,557 WARNING:main.py:427:setup_molecule:Multiple occupancies found: CA in MET A 125.
2024-01-18 11:30:08,557 WARNING:main.py:427:setup_molecule:Multiple occupancies found: CB in MET A 125.
2024-01-18 11:30:08,557 WARNING:main.py:427:setup_molecule:Multiple occupancies found: CG in MET A 125.
2024-01-18 11:30:08,557 WARNING:main.py:427:setup_molecule:Multiple occupancies found: SD in MET A 125.
2024-01-18 11:30:08,557 WARNING:main.py:427:setup_molecule:Multiple occupancies found: CE in MET A 125.
2024-01-18 11:30:08,557 WARNING:main.py:433:setup_molecule:Multiple occupancies found in MET A 125. At least one of the instances is being ignored.
2024-01-18 11:30:08,557 WARNING:main.py:427:setup_molecule:Multiple occupancies found: CA in SER A 146.
2024-01-18 11:30:08,557 WARNING:main.py:427:setup_molecule:Multiple occupancies found: CB in SER A 146.
2024-01-18 11:30:08,557 WARNING:main.py:427:setup_molecule:Multiple occupancies found: OG in SER A 146.
2024-01-18 11:30:08,557 WARNING:main.py:433:setup_molecule:Multiple occupancies found in SER A 146. At least one of the instances is being ignored.
2024-01-18 11:30:08,557 WARNING:main.py:427:setup_molecule:Multiple occupancies found: CA in SER A 178.
2024-01-18 11:30:08,557 WARNING:main.py:427:setup_molecule:Multiple occupancies found: CB in SER A 178.
2024-01-18 11:30:08,557 WARNING:main.py:427:setup_molecule:Multiple occupancies found: OG in SER A 178.
2024-01-18 11:30:08,557 WARNING:main.py:433:setup_molecule:Multiple occupancies found in SER A 178. At least one of the instances is being ignored.
2024-01-18 11:30:08,557 WARNING:main.py:427:setup_molecule:Multiple occupancies found: CA in SER A 185.
2024-01-18 11:30:08,557 WARNING:main.py:427:setup_molecule:Multiple occupancies found: CB in SER A 185.
2024-01-18 11:30:08,557 WARNING:main.py:427:setup_molecule:Multiple occupancies found: OG in SER A 185.
2024-01-18 11:30:08,557 WARNING:main.py:433:setup_molecule:Multiple occupancies found in SER A 185. At least one of the instances is being ignored.
2024-01-18 11:30:08,558 INFO:main.py:783:main_driver:Setting termini states for biomolecule chains.
2024-01-18 11:30:08,560 INFO:main.py:613:non_trivial:Loading forcefield.
2024-01-18 11:30:08,567 INFO:main.py:617:non_trivial:Loading hydrogen topology definitions.
2024-01-18 11:30:08,568 INFO:main.py:468:is_repairable:This biomolecule is clean.  No repair needed.
2024-01-18 11:30:08,568 INFO:main.py:632:non_trivial:Updating disulfide bridges.
2024-01-18 11:30:08,569 INFO:main.py:635:non_trivial:Debumping biomolecule.
2024-01-18 11:30:08,589 INFO:main.py:658:non_trivial:Adding hydrogens to biomolecule.
2024-01-18 11:30:08,694 INFO:main.py:661:non_trivial:Debumping biomolecule (again).
2024-01-18 11:30:08,810 INFO:main.py:663:non_trivial:Optimizing hydrogen bonds
2024-01-18 11:30:09,119 INFO:main.py:675:non_trivial:Applying force field to biomolecule states.
2024-01-18 11:30:09,120 INFO:main.py:722:non_trivial:Regenerating headers.
2024-01-18 11:30:09,121 INFO:main.py:747:non_trivial:Regenerating PDB lines.
2024-01-18 11:30:09,130 WARNING:main.py:320:print_pqr:Ignoring 390 header lines in output.
2024-01-18 11:30:09,141 WARNING:main.py:363:print_pdb:Ignoring 390 header lines in output.
2024-01-18 11:31:33,827 INFO:main.py:240:print_splash_screen:PDB2PQR v3.6.2: biomolecular structure conversion software.
2024-01-18 11:31:33,827 INFO:main.py:242:print_splash_screen:Please cite:  Jurrus E, et al.  Improvements to the APBS biomolecular solvation software suite.  Protein Sci 27 112-128 (2018).
2024-01-18 11:31:33,827 INFO:main.py:242:print_splash_screen:Please cite:  Dolinsky TJ, et al.  PDB2PQR: expanding and upgrading automated preparation of biomolecular structures for molecular simulations. Nucleic Acids Res 35 W522-W525 (2007).
2024-01-18 11:31:33,827 INFO:main.py:768:main_driver:Checking and transforming input arguments.
2024-01-18 11:31:33,828 INFO:main.py:772:main_driver:Loading topology files.
2024-01-18 11:31:33,863 INFO:main.py:774:main_driver:Loading molecule: 5xh3.pdb
2024-01-18 11:31:33,872 INFO:main.py:779:main_driver:Setting up molecule.
2024-01-18 11:31:33,884 INFO:main.py:417:setup_molecule:Created biomolecule object with 261 residues and 1911 atoms.
2024-01-18 11:31:33,884 WARNING:main.py:427:setup_molecule:Multiple occupancies found: CA in SER A 63.
2024-01-18 11:31:33,884 WARNING:main.py:427:setup_molecule:Multiple occupancies found: CB in SER A 63.
2024-01-18 11:31:33,884 WARNING:main.py:427:setup_molecule:Multiple occupancies found: OG in SER A 63.
2024-01-18 11:31:33,884 WARNING:main.py:433:setup_molecule:Multiple occupancies found in SER A 63. At least one of the instances is being ignored.
2024-01-18 11:31:33,884 WARNING:main.py:427:setup_molecule:Multiple occupancies found: CA in SER A 92.
2024-01-18 11:31:33,884 WARNING:main.py:427:setup_molecule:Multiple occupancies found: CB in SER A 92.
2024-01-18 11:31:33,884 WARNING:main.py:427:setup_molecule:Multiple occupancies found: OG in SER A 92.
2024-01-18 11:31:33,885 WARNING:main.py:433:setup_molecule:Multiple occupancies found in SER A 92. At least one of the instances is being ignored.
2024-01-18 11:31:33,885 WARNING:main.py:427:setup_molecule:Multiple occupancies found: CA in MET A 125.
2024-01-18 11:31:33,885 WARNING:main.py:427:setup_molecule:Multiple occupancies found: CB in MET A 125.
2024-01-18 11:31:33,885 WARNING:main.py:427:setup_molecule:Multiple occupancies found: CG in MET A 125.
2024-01-18 11:31:33,885 WARNING:main.py:427:setup_molecule:Multiple occupancies found: SD in MET A 125.
2024-01-18 11:31:33,885 WARNING:main.py:427:setup_molecule:Multiple occupancies found: CE in MET A 125.
2024-01-18 11:31:33,885 WARNING:main.py:433:setup_molecule:Multiple occupancies found in MET A 125. At least one of the instances is being ignored.
2024-01-18 11:31:33,885 WARNING:main.py:427:setup_molecule:Multiple occupancies found: CA in SER A 146.
2024-01-18 11:31:33,885 WARNING:main.py:427:setup_molecule:Multiple occupancies found: CB in SER A 146.
2024-01-18 11:31:33,885 WARNING:main.py:427:setup_molecule:Multiple occupancies found: OG in SER A 146.
2024-01-18 11:31:33,885 WARNING:main.py:433:setup_molecule:Multiple occupancies found in SER A 146. At least one of the instances is being ignored.
2024-01-18 11:31:33,885 WARNING:main.py:427:setup_molecule:Multiple occupancies found: CA in SER A 178.
2024-01-18 11:31:33,885 WARNING:main.py:427:setup_molecule:Multiple occupancies found: CB in SER A 178.
2024-01-18 11:31:33,885 WARNING:main.py:427:setup_molecule:Multiple occupancies found: OG in SER A 178.
2024-01-18 11:31:33,885 WARNING:main.py:433:setup_molecule:Multiple occupancies found in SER A 178. At least one of the instances is being ignored.
2024-01-18 11:31:33,885 WARNING:main.py:427:setup_molecule:Multiple occupancies found: CA in SER A 185.
2024-01-18 11:31:33,885 WARNING:main.py:427:setup_molecule:Multiple occupancies found: CB in SER A 185.
2024-01-18 11:31:33,885 WARNING:main.py:427:setup_molecule:Multiple occupancies found: OG in SER A 185.
2024-01-18 11:31:33,885 WARNING:main.py:433:setup_molecule:Multiple occupancies found in SER A 185. At least one of the instances is being ignored.
2024-01-18 11:31:33,885 INFO:main.py:783:main_driver:Setting termini states for biomolecule chains.
2024-01-18 11:31:33,888 INFO:main.py:613:non_trivial:Loading forcefield.
2024-01-18 11:31:33,894 INFO:main.py:617:non_trivial:Loading hydrogen topology definitions.
2024-01-18 11:31:33,895 INFO:main.py:468:is_repairable:This biomolecule is clean.  No repair needed.
2024-01-18 11:31:33,895 INFO:main.py:632:non_trivial:Updating disulfide bridges.
2024-01-18 11:31:33,896 INFO:main.py:635:non_trivial:Debumping biomolecule.
2024-01-18 11:31:33,915 INFO:main.py:658:non_trivial:Adding hydrogens to biomolecule.
2024-01-18 11:31:34,017 INFO:main.py:661:non_trivial:Debumping biomolecule (again).
2024-01-18 11:31:34,133 INFO:main.py:663:non_trivial:Optimizing hydrogen bonds
2024-01-18 11:31:34,437 INFO:main.py:675:non_trivial:Applying force field to biomolecule states.
2024-01-18 11:31:34,439 INFO:main.py:722:non_trivial:Regenerating headers.
2024-01-18 11:31:34,439 INFO:main.py:747:non_trivial:Regenerating PDB lines.
2024-01-18 11:31:34,448 WARNING:main.py:320:print_pqr:Ignoring 390 header lines in output.
2024-01-18 11:31:34,459 WARNING:main.py:363:print_pdb:Ignoring 390 header lines in output.
2024-01-18 11:32:45,045 INFO:main.py:240:print_splash_screen:PDB2PQR v3.6.2: biomolecular structure conversion software.
2024-01-18 11:32:45,045 INFO:main.py:242:print_splash_screen:Please cite:  Jurrus E, et al.  Improvements to the APBS biomolecular solvation software suite.  Protein Sci 27 112-128 (2018).
2024-01-18 11:32:45,045 INFO:main.py:242:print_splash_screen:Please cite:  Dolinsky TJ, et al.  PDB2PQR: expanding and upgrading automated preparation of biomolecular structures for molecular simulations. Nucleic Acids Res 35 W522-W525 (2007).
2024-01-18 11:32:45,046 INFO:main.py:768:main_driver:Checking and transforming input arguments.
2024-01-18 11:32:45,046 INFO:main.py:772:main_driver:Loading topology files.
2024-01-18 11:32:45,079 INFO:main.py:774:main_driver:Loading molecule: 5xh3.pdb
2024-01-18 11:32:45,087 INFO:main.py:779:main_driver:Setting up molecule.
2024-01-18 11:32:45,098 INFO:main.py:417:setup_molecule:Created biomolecule object with 261 residues and 1911 atoms.
2024-01-18 11:32:45,098 WARNING:main.py:427:setup_molecule:Multiple occupancies found: CA in SER A 63.
2024-01-18 11:32:45,098 WARNING:main.py:427:setup_molecule:Multiple occupancies found: CB in SER A 63.
2024-01-18 11:32:45,098 WARNING:main.py:427:setup_molecule:Multiple occupancies found: OG in SER A 63.
2024-01-18 11:32:45,098 WARNING:main.py:433:setup_molecule:Multiple occupancies found in SER A 63. At least one of the instances is being ignored.
2024-01-18 11:32:45,098 WARNING:main.py:427:setup_molecule:Multiple occupancies found: CA in SER A 92.
2024-01-18 11:32:45,098 WARNING:main.py:427:setup_molecule:Multiple occupancies found: CB in SER A 92.
2024-01-18 11:32:45,098 WARNING:main.py:427:setup_molecule:Multiple occupancies found: OG in SER A 92.
2024-01-18 11:32:45,098 WARNING:main.py:433:setup_molecule:Multiple occupancies found in SER A 92. At least one of the instances is being ignored.
2024-01-18 11:32:45,098 WARNING:main.py:427:setup_molecule:Multiple occupancies found: CA in MET A 125.
2024-01-18 11:32:45,098 WARNING:main.py:427:setup_molecule:Multiple occupancies found: CB in MET A 125.
2024-01-18 11:32:45,098 WARNING:main.py:427:setup_molecule:Multiple occupancies found: CG in MET A 125.
2024-01-18 11:32:45,098 WARNING:main.py:427:setup_molecule:Multiple occupancies found: SD in MET A 125.
2024-01-18 11:32:45,098 WARNING:main.py:427:setup_molecule:Multiple occupancies found: CE in MET A 125.
2024-01-18 11:32:45,098 WARNING:main.py:433:setup_molecule:Multiple occupancies found in MET A 125. At least one of the instances is being ignored.
2024-01-18 11:32:45,098 WARNING:main.py:427:setup_molecule:Multiple occupancies found: CA in SER A 146.
2024-01-18 11:32:45,098 WARNING:main.py:427:setup_molecule:Multiple occupancies found: CB in SER A 146.
2024-01-18 11:32:45,098 WARNING:main.py:427:setup_molecule:Multiple occupancies found: OG in SER A 146.
2024-01-18 11:32:45,098 WARNING:main.py:433:setup_molecule:Multiple occupancies found in SER A 146. At least one of the instances is being ignored.
2024-01-18 11:32:45,099 WARNING:main.py:427:setup_molecule:Multiple occupancies found: CA in SER A 178.
2024-01-18 11:32:45,099 WARNING:main.py:427:setup_molecule:Multiple occupancies found: CB in SER A 178.
2024-01-18 11:32:45,099 WARNING:main.py:427:setup_molecule:Multiple occupancies found: OG in SER A 178.
2024-01-18 11:32:45,099 WARNING:main.py:433:setup_molecule:Multiple occupancies found in SER A 178. At least one of the instances is being ignored.
2024-01-18 11:32:45,099 WARNING:main.py:427:setup_molecule:Multiple occupancies found: CA in SER A 185.
2024-01-18 11:32:45,099 WARNING:main.py:427:setup_molecule:Multiple occupancies found: CB in SER A 185.
2024-01-18 11:32:45,099 WARNING:main.py:427:setup_molecule:Multiple occupancies found: OG in SER A 185.
2024-01-18 11:32:45,099 WARNING:main.py:433:setup_molecule:Multiple occupancies found in SER A 185. At least one of the instances is being ignored.
2024-01-18 11:32:45,099 INFO:main.py:783:main_driver:Setting termini states for biomolecule chains.
2024-01-18 11:32:45,102 INFO:main.py:613:non_trivial:Loading forcefield.
2024-01-18 11:32:45,107 INFO:main.py:617:non_trivial:Loading hydrogen topology definitions.
2024-01-18 11:32:45,108 INFO:main.py:468:is_repairable:This biomolecule is clean.  No repair needed.
2024-01-18 11:32:45,108 INFO:main.py:632:non_trivial:Updating disulfide bridges.
2024-01-18 11:32:45,108 INFO:main.py:635:non_trivial:Debumping biomolecule.
2024-01-18 11:32:45,128 INFO:main.py:658:non_trivial:Adding hydrogens to biomolecule.
2024-01-18 11:32:45,229 INFO:main.py:661:non_trivial:Debumping biomolecule (again).
2024-01-18 11:32:45,346 INFO:main.py:663:non_trivial:Optimizing hydrogen bonds
2024-01-18 11:32:45,640 INFO:main.py:675:non_trivial:Applying force field to biomolecule states.
2024-01-18 11:32:45,642 INFO:main.py:722:non_trivial:Regenerating headers.
2024-01-18 11:32:45,642 INFO:main.py:747:non_trivial:Regenerating PDB lines.
2024-01-18 11:32:45,651 WARNING:main.py:320:print_pqr:Ignoring 390 header lines in output.
2024-01-18 11:32:45,662 WARNING:main.py:363:print_pdb:Ignoring 390 header lines in output.
2024-01-18 11:34:11,531 INFO:main.py:240:print_splash_screen:PDB2PQR v3.6.2: biomolecular structure conversion software.
2024-01-18 11:34:11,531 INFO:main.py:242:print_splash_screen:Please cite:  Jurrus E, et al.  Improvements to the APBS biomolecular solvation software suite.  Protein Sci 27 112-128 (2018).
2024-01-18 11:34:11,531 INFO:main.py:242:print_splash_screen:Please cite:  Dolinsky TJ, et al.  PDB2PQR: expanding and upgrading automated preparation of biomolecular structures for molecular simulations. Nucleic Acids Res 35 W522-W525 (2007).
2024-01-18 11:34:11,531 INFO:main.py:768:main_driver:Checking and transforming input arguments.
2024-01-18 11:34:11,531 INFO:main.py:772:main_driver:Loading topology files.
2024-01-18 11:34:11,555 INFO:main.py:774:main_driver:Loading molecule: 5xh3.pdb
2024-01-18 11:34:11,564 INFO:main.py:779:main_driver:Setting up molecule.
2024-01-18 11:34:11,576 INFO:main.py:417:setup_molecule:Created biomolecule object with 261 residues and 1911 atoms.
2024-01-18 11:34:11,576 WARNING:main.py:427:setup_molecule:Multiple occupancies found: CA in SER A 63.
2024-01-18 11:34:11,576 WARNING:main.py:427:setup_molecule:Multiple occupancies found: CB in SER A 63.
2024-01-18 11:34:11,576 WARNING:main.py:427:setup_molecule:Multiple occupancies found: OG in SER A 63.
2024-01-18 11:34:11,576 WARNING:main.py:433:setup_molecule:Multiple occupancies found in SER A 63. At least one of the instances is being ignored.
2024-01-18 11:34:11,576 WARNING:main.py:427:setup_molecule:Multiple occupancies found: CA in SER A 92.
2024-01-18 11:34:11,576 WARNING:main.py:427:setup_molecule:Multiple occupancies found: CB in SER A 92.
2024-01-18 11:34:11,576 WARNING:main.py:427:setup_molecule:Multiple occupancies found: OG in SER A 92.
2024-01-18 11:34:11,576 WARNING:main.py:433:setup_molecule:Multiple occupancies found in SER A 92. At least one of the instances is being ignored.
2024-01-18 11:34:11,576 WARNING:main.py:427:setup_molecule:Multiple occupancies found: CA in MET A 125.
2024-01-18 11:34:11,576 WARNING:main.py:427:setup_molecule:Multiple occupancies found: CB in MET A 125.
2024-01-18 11:34:11,576 WARNING:main.py:427:setup_molecule:Multiple occupancies found: CG in MET A 125.
2024-01-18 11:34:11,576 WARNING:main.py:427:setup_molecule:Multiple occupancies found: SD in MET A 125.
2024-01-18 11:34:11,576 WARNING:main.py:427:setup_molecule:Multiple occupancies found: CE in MET A 125.
2024-01-18 11:34:11,576 WARNING:main.py:433:setup_molecule:Multiple occupancies found in MET A 125. At least one of the instances is being ignored.
2024-01-18 11:34:11,576 WARNING:main.py:427:setup_molecule:Multiple occupancies found: CA in SER A 146.
2024-01-18 11:34:11,576 WARNING:main.py:427:setup_molecule:Multiple occupancies found: CB in SER A 146.
2024-01-18 11:34:11,576 WARNING:main.py:427:setup_molecule:Multiple occupancies found: OG in SER A 146.
2024-01-18 11:34:11,576 WARNING:main.py:433:setup_molecule:Multiple occupancies found in SER A 146. At least one of the instances is being ignored.
2024-01-18 11:34:11,576 WARNING:main.py:427:setup_molecule:Multiple occupancies found: CA in SER A 178.
2024-01-18 11:34:11,576 WARNING:main.py:427:setup_molecule:Multiple occupancies found: CB in SER A 178.
2024-01-18 11:34:11,576 WARNING:main.py:427:setup_molecule:Multiple occupancies found: OG in SER A 178.
2024-01-18 11:34:11,576 WARNING:main.py:433:setup_molecule:Multiple occupancies found in SER A 178. At least one of the instances is being ignored.
2024-01-18 11:34:11,576 WARNING:main.py:427:setup_molecule:Multiple occupancies found: CA in SER A 185.
2024-01-18 11:34:11,576 WARNING:main.py:427:setup_molecule:Multiple occupancies found: CB in SER A 185.
2024-01-18 11:34:11,576 WARNING:main.py:427:setup_molecule:Multiple occupancies found: OG in SER A 185.
2024-01-18 11:34:11,576 WARNING:main.py:433:setup_molecule:Multiple occupancies found in SER A 185. At least one of the instances is being ignored.
2024-01-18 11:34:11,576 INFO:main.py:783:main_driver:Setting termini states for biomolecule chains.
2024-01-18 11:34:11,580 INFO:main.py:613:non_trivial:Loading forcefield.
2024-01-18 11:34:11,586 INFO:main.py:617:non_trivial:Loading hydrogen topology definitions.
2024-01-18 11:34:11,588 INFO:main.py:468:is_repairable:This biomolecule is clean.  No repair needed.
2024-01-18 11:34:11,588 INFO:main.py:632:non_trivial:Updating disulfide bridges.
2024-01-18 11:34:11,588 INFO:main.py:635:non_trivial:Debumping biomolecule.
2024-01-18 11:34:11,609 INFO:main.py:642:non_trivial:Assigning titration states with PROPKA.
2024-01-18 11:34:11,617 INFO:output.py:74:print_header:
propka3.5.1                                                                                  2024-01-18

-------------------------------------------------------------------------------
--                                                                           --
--  PROPKA: A PROTEIN PKA PREDICTOR                                          --
--                                                                           --
--  VERSION 1.0,  04/25/2004,  IOWA CITY                                     --
--  BY HUI LI                                                                --
--                                                                           --
--  VERSION 2.0,  11/05/2007, IOWA CITY/COPENHAGEN                           --
--  BY DELPHINE C. BAS AND DAVID M. ROGERS                                   --
--                                                                           --
--  VERSION 3.0,  01/06/2011, COPENHAGEN                                     --
--  BY MATS H.M. OLSSON AND CHRESTEN R. SONDERGARD                           --
--                                                                           --
--  VERSION 3.1,  07/01/2011, COPENHAGEN                                     --
--  BY CHRESTEN R. SONDERGARD AND MATS H.M. OLSSON                           --
--                                                                           --
--  VERSION 3.2,  06/17/2020, PLANET EARTH                                   --
--  SEE ABOVE FOR AUTHORS                                                    --
--                                                                           --
-------------------------------------------------------------------------------


-------------------------------------------------------------------------------
References:

Very Fast Empirical Prediction and Rationalization of Protein pKa Values.
Hui Li, Andrew D. Robertson and Jan H. Jensen. PROTEINS: Structure, Function,
and Bioinformatics. 61:704-721 (2005)

Very Fast Prediction and Rationalization of pKa Values for Protein-Ligand
Complexes.  Delphine C. Bas, David M. Rogers and Jan H. Jensen.  PROTEINS:
Structure, Function, and Bioinformatics 73:765-783 (2008)

PROPKA3: Consistent Treatment of Internal and Surface Residues in Empirical
pKa predictions.  Mats H.M. Olsson, Chresten R. Sondergard, Michal Rostkowski,
and Jan H. Jensen.  Journal of Chemical Theory and Computation, 7(2):525-537
(2011)

Improved Treatment of Ligands and Coupling Effects in Empirical Calculation
and Rationalization of pKa Values.  Chresten R. Sondergaard, Mats H.M. Olsson,
Michal Rostkowski, and Jan H. Jensen.  Journal of Chemical Theory and
Computation, (2011)
-------------------------------------------------------------------------------



2024-01-18 11:34:11,657 INFO:conformation_container.py:124:find_covalently_coupled_groups:Coupling map:

2024-01-18 11:34:11,657 INFO:conformation_container.py:213:calculate_pka:Calculating pKas for Conformation container 1A with 2281 atoms and 639 groups
2024-01-18 11:34:11,746 INFO:output.py:225:print_pka_section:pKa determinants:

---------  -----   ------   ---------------------    --------------    --------------    --------------
                            DESOLVATION  EFFECTS       SIDECHAIN          BACKBONE        COULOMBIC
 RESIDUE    pKa    BURIED     REGULAR      RE        HYDROGEN BOND     HYDROGEN BOND      INTERACTION
---------  -----   ------   ---------   ---------    --------------    --------------    --------------

ASP  83 A   4.77    43 %    1.50  403   0.14    0    0.00 XXX   0 X   -0.53 GLN  62 A   -0.15 ARG  61 A

ASP  89 A   3.61     8 %    0.77  304   0.06    0    0.00 XXX   0 X   -0.81 SER  86 A   -0.21 ARG  94 A

ASP 121 A   2.53    16 %    0.79  327   0.00    0   -0.80 ARG 124 A   -0.67 ALA 123 A   -0.06 ARG   5 A
ASP 121 A                                            0.00 XXX   0 X    0.00 XXX   0 X   -0.10 LYS 148 A
ASP 121 A                                            0.00 XXX   0 X    0.00 XXX   0 X   -0.42 ARG 124 A

ASP 157 A   4.97    41 %    1.34  397   0.40    0    0.00 XXX   0 X   -0.57 SER 159 A    0.00 XXX   0 X

ASP 177 A   2.94    47 %    2.34  414   0.55    0   -1.60 HIS 208 A   -0.61 ILE 179 A   -0.70 HIS 208 A
ASP 177 A                                            0.00 XXX   0 X   -0.83 ALA 180 A    0.00 XXX   0 X

ASP 191 A   4.07    11 %    0.57  311   0.08    0    0.00 XXX   0 X    0.00 XXX   0 X   -0.21 LYS 198 A
ASP 191 A                                            0.00 XXX   0 X    0.00 XXX   0 X   -0.22 ARG 256 A
ASP 191 A                                            0.00 XXX   0 X    0.00 XXX   0 X    0.05 ASP 254 A

ASP 234 A   5.86    90 %    2.93  534   1.49    0   -0.52 ARG 124 A    0.00 XXX   0 X   -0.23 ARG   5 A
ASP 234 A                                            0.00 XXX   0 X    0.00 XXX   0 X   -0.20 LYS 148 A
ASP 234 A                                            0.00 XXX   0 X    0.00 XXX   0 X   -0.07 ARG 238 A
ASP 234 A                                            0.00 XXX   0 X    0.00 XXX   0 X    0.04 ASP 121 A
ASP 234 A                                            0.00 XXX   0 X    0.00 XXX   0 X    0.28 ASP 236 A
ASP 234 A                                            0.00 XXX   0 X    0.00 XXX   0 X   -0.65 ARG 124 A
ASP 234 A                                            0.00 XXX   0 X    0.00 XXX   0 X   -1.01 LYS 230 A

ASP 236 A   2.88    42 %    1.90  398   0.19    0   -1.45 ARG 238 A   -0.54 ARG 238 A   -0.05 N+    1 A
ASP 236 A                                            0.00 XXX   0 X    0.00 XXX   0 X   -0.02 ARG   5 A
ASP 236 A                                            0.00 XXX   0 X    0.00 XXX   0 X   -0.39 LYS 230 A
ASP 236 A                                            0.00 XXX   0 X    0.00 XXX   0 X   -0.05 ARG 231 A
ASP 236 A                                            0.00 XXX   0 X    0.00 XXX   0 X   -0.52 ARG 238 A

ASP 254 A   3.29    26 %    1.15  353   0.09    0   -1.30 ARG 256 A    0.00 XXX   0 X   -0.44 ARG 256 A

GLU  15 A   3.62     7 %    0.44  300   0.05    0   -0.85 LYS 223 A    0.00 XXX   0 X   -0.03 ARG  71 A
GLU  15 A                                            0.00 XXX   0 X    0.00 XXX   0 X   -0.03 ARG 251 A
GLU  15 A                                            0.00 XXX   0 X    0.00 XXX   0 X   -0.46 LYS 223 A

GLU 175 A   4.14     0 %    0.39  259   0.00    0    0.00 XXX   0 X   -0.78 GLY 205 A    0.03 ASP 254 A

GLU 202 A   5.59    37 %    1.39  384   0.04    0   -0.85 SER 253 A    0.00 XXX   0 X   -0.09 ARG 256 A
GLU 202 A                                            0.00 XXX   0 X    0.00 XXX   0 X    0.26 GLU 175 A
GLU 202 A                                            0.00 XXX   0 X    0.00 XXX   0 X    0.34 ASP 254 A

GLU 245 A   5.03    27 %    0.80  356   0.31    0    0.00 XXX   0 X    0.00 XXX   0 X   -0.28 LYS 223 A
GLU 245 A                                            0.00 XXX   0 X    0.00 XXX   0 X   -0.33 LYS 224 A
GLU 245 A                                            0.00 XXX   0 X    0.00 XXX   0 X    0.04 GLU  15 A

C-  261 A   2.18    17 %    0.93  329   0.00    0   -0.79 SER 240 A   -0.06 SER 261 A   -0.48 ARG 231 A
C-  261 A                                           -0.62 ARG 231 A    0.00 XXX   0 X    0.00 XXX   0 X

HIS  75 A   3.29    84 %   -2.44  516   0.00    0    0.00 XXX   0 X    0.00 XXX   0 X   -0.32 ARG  71 A
HIS  75 A                                            0.00 XXX   0 X    0.00 XXX   0 X   -0.45 LYS 230 A

HIS 208 A   6.72    63 %   -2.08  459   0.00    0    1.60 ASP 177 A    0.00 XXX   0 X    0.70 ASP 177 A

CYS 174 A  99.99     0 %    0.00    0   0.00    0    0.00 XXX   0 X    0.00 XXX   0 X    0.00 XXX   0 X

CYS 210 A  99.99     0 %    0.00    0   0.00    0    0.00 XXX   0 X    0.00 XXX   0 X    0.00 XXX   0 X

CYS 244 A  99.99     0 %    0.00    0   0.00    0    0.00 XXX   0 X    0.00 XXX   0 X    0.00 XXX   0 X

CYS 260 A  99.99     0 %    0.00    0   0.00    0    0.00 XXX   0 X    0.00 XXX   0 X    0.00 XXX   0 X

TYR   3 A  10.26     0 %    0.25  235   0.00    0    0.00 XXX   0 X    0.00 XXX   0 X   -0.02 ARG   5 A
TYR   3 A                                            0.00 XXX   0 X    0.00 XXX   0 X    0.23 ASP 121 A
TYR   3 A                                            0.00 XXX   0 X    0.00 XXX   0 X   -0.21 ARG 124 A
TYR   3 A                                            0.00 XXX   0 X    0.00 XXX   0 X    0.01 ASP 234 A

TYR  34 A  12.36    54 %    2.36  432   0.00    0    0.00 XXX   0 X    0.00 XXX   0 X    0.00 XXX   0 X

TYR  40 A  11.21    45 %    1.21  406   0.00    0    0.00 XXX   0 X    0.00 XXX   0 X    0.00 XXX   0 X

TYR  41 A  10.65    13 %    0.74  318   0.00    0    0.00 XXX   0 X    0.00 XXX   0 X   -0.09 ARG  24 A

TYR  58 A  10.24     0 %    0.28  208   0.00    0    0.00 XXX   0 X    0.00 XXX   0 X    0.01 ASP  89 A
TYR  58 A                                            0.00 XXX   0 X    0.00 XXX   0 X   -0.05 ARG  94 A

TYR 117 A  10.14     0 %    0.14  117   0.00    0    0.00 XXX   0 X    0.00 XXX   0 X    0.00 XXX   0 X

TYR 190 A  12.19    48 %    2.13  415   0.00    0    0.00 XXX   0 X    0.00 XXX   0 X    0.12 ASP 191 A
TYR 190 A                                            0.00 XXX   0 X    0.00 XXX   0 X    0.05 ASP 254 A
TYR 190 A                                            0.00 XXX   0 X    0.00 XXX   0 X   -0.11 ARG 256 A

TYR 239 A  12.46    67 %    2.32  468   0.00    0    0.00 XXX   0 X    0.00 XXX   0 X    0.16 ASP 234 A
TYR 239 A                                            0.00 XXX   0 X    0.00 XXX   0 X    0.33 ASP 236 A
TYR 239 A                                            0.00 XXX   0 X    0.00 XXX   0 X   -0.35 ARG 238 A

LYS  66 A  10.22     2 %   -0.28  288   0.00    0    0.00 XXX   0 X    0.00 XXX   0 X    0.00 XXX   0 X

LYS 119 A   9.83    13 %   -0.67  319   0.00    0    0.00 XXX   0 X    0.00 XXX   0 X    0.00 XXX   0 X

LYS 148 A   8.84    40 %   -1.62  392   0.00    0    0.00 XXX   0 X    0.00 XXX   0 X    0.10 ASP 121 A
LYS 148 A                                            0.00 XXX   0 X    0.00 XXX   0 X   -0.30 ARG 124 A
LYS 148 A                                            0.00 XXX   0 X    0.00 XXX   0 X   -0.05 ARG 231 A
LYS 148 A                                            0.00 XXX   0 X    0.00 XXX   0 X    0.20 ASP 234 A

LYS 198 A   9.32    29 %   -1.37  363   0.00    0    0.00 XXX   0 X    0.00 XXX   0 X    0.21 ASP 191 A
LYS 198 A                                            0.00 XXX   0 X    0.00 XXX   0 X   -0.02 ARG 256 A

LYS 223 A  11.01    34 %   -1.07  377   0.00    0    0.85 GLU  15 A    0.00 XXX   0 X   -0.01 ARG  71 A
LYS 223 A                                            0.00 XXX   0 X    0.00 XXX   0 X    0.28 GLU 245 A
LYS 223 A                                            0.00 XXX   0 X    0.00 XXX   0 X    0.46 GLU  15 A

LYS 224 A   7.02    88 %   -3.67  527   0.00    0    0.00 XXX   0 X    0.00 XXX   0 X    0.33 GLU 245 A
LYS 224 A                                            0.00 XXX   0 X    0.00 XXX   0 X   -0.15 LYS 223 A

LYS 230 A   8.45    91 %   -2.97  536   0.00    0    0.00 XXX   0 X    0.00 XXX   0 X   -0.12 ARG   5 A
LYS 230 A                                            0.00 XXX   0 X    0.00 XXX   0 X   -0.05 ARG 124 A
LYS 230 A                                            0.00 XXX   0 X    0.00 XXX   0 X    0.39 ASP 236 A
LYS 230 A                                            0.00 XXX   0 X    0.00 XXX   0 X   -0.30 ARG 238 A
LYS 230 A                                            0.00 XXX   0 X    0.00 XXX   0 X    1.01 ASP 234 A

ARG   5 A  11.61    27 %   -0.97  357   0.00    0    0.00 XXX   0 X    0.00 XXX   0 X    0.02 TYR   3 A
ARG   5 A                                            0.00 XXX   0 X    0.00 XXX   0 X    0.06 ASP 121 A
ARG   5 A                                            0.00 XXX   0 X    0.00 XXX   0 X    0.23 ASP 234 A
ARG   5 A                                            0.00 XXX   0 X    0.00 XXX   0 X    0.02 ASP 236 A
ARG   5 A                                            0.00 XXX   0 X    0.00 XXX   0 X   -0.25 ARG 124 A
ARG   5 A                                            0.00 XXX   0 X    0.00 XXX   0 X   -0.01 ARG 238 A

ARG  24 A  12.39     0 %   -0.20  187   0.00    0    0.00 XXX   0 X    0.00 XXX   0 X    0.09 TYR  41 A

ARG  30 A  12.41     0 %   -0.09  170   0.00    0    0.00 XXX   0 X    0.00 XXX   0 X    0.00 XXX   0 X

ARG  61 A  12.45     0 %   -0.20  211   0.00    0    0.00 XXX   0 X    0.00 XXX   0 X    0.15 ASP  83 A

ARG  71 A  10.57    60 %   -1.96  450   0.00    0    0.00 XXX   0 X    0.00 XXX   0 X    0.03 GLU  15 A

ARG  94 A  10.63    60 %   -2.13  448   0.00    0    0.00 XXX   0 X    0.00 XXX   0 X    0.05 TYR  58 A
ARG  94 A                                            0.00 XXX   0 X    0.00 XXX   0 X    0.21 ASP  89 A

ARG 124 A  13.13    50 %   -1.96  420   0.00    0    0.80 ASP 121 A    0.00 XXX   0 X    0.21 TYR   3 A
ARG 124 A                                            0.52 ASP 234 A    0.00 XXX   0 X    0.42 ASP 121 A
ARG 124 A                                            0.00 XXX   0 X    0.00 XXX   0 X    0.65 ASP 234 A

ARG 195 A  12.24     0 %   -0.26  210   0.00    0    0.00 XXX   0 X    0.00 XXX   0 X    0.00 XXX   0 X

ARG 231 A  12.62    33 %   -1.03  373   0.00    0    0.62 C-  261 A    0.00 XXX   0 X    0.05 ASP 236 A
ARG 231 A                                            0.00 XXX   0 X    0.00 XXX   0 X    0.48 C-  261 A

ARG 238 A  13.97    23 %   -0.91  346   0.00    0    1.45 ASP 236 A    0.00 XXX   0 X    0.07 ASP 234 A
ARG 238 A                                            0.00 XXX   0 X    0.00 XXX   0 X    0.35 TYR 239 A
ARG 238 A                                            0.00 XXX   0 X    0.00 XXX   0 X    0.52 ASP 236 A

ARG 251 A  12.32     0 %   -0.20  251   0.00    0    0.00 XXX   0 X    0.00 XXX   0 X    0.03 GLU  15 A

ARG 256 A  14.17     6 %   -0.49  298   0.00    0    1.30 ASP 254 A    0.00 XXX   0 X    0.11 TYR 190 A
ARG 256 A                                            0.00 XXX   0 X    0.00 XXX   0 X    0.22 ASP 191 A
ARG 256 A                                            0.00 XXX   0 X    0.00 XXX   0 X    0.09 GLU 202 A
ARG 256 A                                            0.00 XXX   0 X    0.00 XXX   0 X    0.44 ASP 254 A

N+    1 A   7.81     0 %   -0.21  181   0.00    0    0.00 XXX   0 X    0.00 XXX   0 X   -0.01 ARG   5 A
N+    1 A                                            0.00 XXX   0 X    0.00 XXX   0 X    0.05 ASP 236 A
N+    1 A                                            0.00 XXX   0 X    0.00 XXX   0 X   -0.02 ARG 238 A


2024-01-18 11:34:11,747 INFO:output.py:227:print_pka_section:pKa summary:
--------------------------------------------------------------------------------------------------------
SUMMARY OF THIS PREDICTION
       Group      pKa  model-pKa   ligand atom-type
   ASP  83 A     4.77       3.80                      
   ASP  89 A     3.61       3.80                      
   ASP 121 A     2.53       3.80                      
   ASP 157 A     4.97       3.80                      
   ASP 177 A     2.94       3.80                      
   ASP 191 A     4.07       3.80                      
   ASP 234 A     5.86       3.80                      
   ASP 236 A     2.88       3.80                      
   ASP 254 A     3.29       3.80                      
   GLU  15 A     3.62       4.50                      
   GLU 175 A     4.14       4.50                      
   GLU 202 A     5.59       4.50                      
   GLU 245 A     5.03       4.50                      
   C-  261 A     2.18       3.20                      
   HIS  75 A     3.29       6.50                      
   HIS 208 A     6.72       6.50                      
   CYS 174 A    99.99       9.00                      
   CYS 210 A    99.99       9.00                      
   CYS 244 A    99.99       9.00                      
   CYS 260 A    99.99       9.00                      
   TYR   3 A    10.26      10.00                      
   TYR  34 A    12.36      10.00                      
   TYR  40 A    11.21      10.00                      
   TYR  41 A    10.65      10.00                      
   TYR  58 A    10.24      10.00                      
   TYR 117 A    10.14      10.00                      
   TYR 190 A    12.19      10.00                      
   TYR 239 A    12.46      10.00                      
   LYS  66 A    10.22      10.50                      
   LYS 119 A     9.83      10.50                      
   LYS 148 A     8.84      10.50                      
   LYS 198 A     9.32      10.50                      
   LYS 223 A    11.01      10.50                      
   LYS 224 A     7.02      10.50                      
   LYS 230 A     8.45      10.50                      
   ARG   5 A    11.61      12.50                      
   ARG  24 A    12.39      12.50                      
   ARG  30 A    12.41      12.50                      
   ARG  61 A    12.45      12.50                      
   ARG  71 A    10.57      12.50                      
   ARG  94 A    10.63      12.50                      
   ARG 124 A    13.13      12.50                      
   ARG 195 A    12.24      12.50                      
   ARG 231 A    12.62      12.50                      
   ARG 238 A    13.97      12.50                      
   ARG 251 A    12.32      12.50                      
   ARG 256 A    14.17      12.50                      
   N+    1 A     7.81       8.00                      

2024-01-18 11:34:11,753 INFO:main.py:645:non_trivial:PROPKA information:
--------------------------------------------------------------------------------------------------------
Free energy of   folding (kcal/mol) as a function of pH (using neutral reference)
  0.00     29.49
  1.00     29.43
  2.00     28.93
  3.00     26.82
  4.00     24.30
  5.00     24.78
  6.00     25.50
  7.00     25.09
  8.00     23.74
  9.00     21.24
 10.00     18.70
 11.00     19.12
 12.00     20.24
 13.00     21.43
 14.00     23.30

The pH of optimum stability is 10.3 for which the free energy is   18.5 kcal/mol at 298K
Could not determine pH values where the free energy is within 80 % of minimum
Could not determine the pH-range where the free energy is negative


Protein charge of folded and unfolded state as a function of pH
    pH  unfolded  folded
  0.00     22.00   21.99
  0.10     22.00   21.98
  0.20     22.00   21.98
  0.30     22.00   21.97
  0.40     21.99   21.97
  0.50     21.99   21.96
  0.60     21.99   21.95
  0.70     21.99   21.93
  0.80     21.99   21.92
  0.90     21.98   21.89
  1.00     21.98   21.87
  1.10     21.97   21.83
  1.20     21.97   21.79
  1.30     21.96   21.75
  1.40     21.95   21.69
  1.50     21.93   21.61
  1.60     21.91   21.52
  1.70     21.89   21.42
  1.80     21.86   21.30
  1.90     21.83   21.15
  2.00     21.79   20.99
  2.10     21.73   20.80
  2.20     21.67   20.59
  2.30     21.59   20.35
  2.40     21.49   20.08
  2.50     21.36   19.80
  2.60     21.22   19.49
  2.70     21.03   19.15
  2.80     20.82   18.80
  2.90     20.56   18.42
  3.00     20.26   18.03
  3.10     19.91   17.62
  3.20     19.50   17.21
  3.30     19.04   16.78
  3.40     18.53   16.35
  3.50     17.96   15.93
  3.60     17.35   15.50
  3.70     16.71   15.08
  3.80     16.03   14.66
  3.90     15.34   14.26
  4.00     14.65   13.86
  4.10     13.97   13.48
  4.20     13.31   13.10
  4.30     12.68   12.74
  4.40     12.08   12.38
  4.50     11.52   12.03
  4.60     11.01   11.69
  4.70     10.55   11.35
  4.80     10.14   11.02
  4.90      9.77   10.70
  5.00      9.45   10.38
  5.10      9.17   10.07
  5.20      8.92    9.77
  5.30      8.71    9.47
  5.40      8.52    9.19
  5.50      8.36    8.92
  5.60      8.21    8.65
  5.70      8.07    8.40
  5.80      7.94    8.16
  5.90      7.82    7.93
  6.00      7.69    7.71
  6.10      7.56    7.50
  6.20      7.43    7.29
  6.30      7.30    7.10
  6.40      7.16    6.90
  6.50      7.02    6.71
  6.60      6.89    6.53
  6.70      6.76    6.34
  6.80      6.63    6.16
  6.90      6.51    5.98
  7.00      6.40    5.80
  7.10      6.29    5.62
  7.20      6.19    5.44
  7.30      6.10    5.27
  7.40      6.00    5.10
  7.50      5.92    4.93
  7.60      5.83    4.76
  7.70      5.74    4.59
  7.80      5.65    4.42
  7.90      5.56    4.25
  8.00      5.46    4.07
  8.10      5.37    3.89
  8.20      5.27    3.70
  8.30      5.16    3.50
  8.40      5.06    3.30
  8.50      4.94    3.10
  8.60      4.82    2.88
  8.70      4.69    2.66
  8.80      4.53    2.42
  8.90      4.36    2.18
  9.00      4.15    1.93
  9.10      3.91    1.66
  9.20      3.63    1.38
  9.30      3.30    1.09
  9.40      2.91    0.77
  9.50      2.46    0.44
  9.60      1.95    0.08
  9.70      1.37   -0.31
  9.80      0.73   -0.72
  9.90      0.04   -1.16
 10.00     -0.71   -1.63
 10.10     -1.49   -2.12
 10.20     -2.30   -2.64
 10.30     -3.11   -3.17
 10.40     -3.91   -3.71
 10.50     -4.69   -4.25
 10.60     -5.44   -4.80
 10.70     -6.15   -5.34
 10.80     -6.80   -5.87
 10.90     -7.40   -6.40
 11.00     -7.96   -6.91
 11.10     -8.46   -7.41
 11.20     -8.93   -7.91
 11.30     -9.37   -8.40
 11.40     -9.79   -8.88
 11.50    -10.21   -9.37
 11.60    -10.63   -9.87
 11.70    -11.07  -10.38
 11.80    -11.54  -10.91
 11.90    -12.04  -11.46
 12.00    -12.59  -12.03
 12.10    -13.18  -12.63
 12.20    -13.82  -13.23
 12.30    -14.49  -13.85
 12.40    -15.19  -14.47
 12.50    -15.91  -15.08
 12.60    -16.61  -15.67
 12.70    -17.30  -16.24
 12.80    -17.95  -16.77
 12.90    -18.55  -17.26
 13.00    -19.09  -17.72
 13.10    -19.57  -18.13
 13.20    -19.98  -18.51
 13.30    -20.34  -18.85
 13.40    -20.65  -19.16
 13.50    -20.90  -19.44
 13.60    -21.11  -19.70
 13.70    -21.28  -19.94
 13.80    -21.42  -20.17
 13.90    -21.54  -20.38
 14.00    -21.63  -20.57
The pI is  9.62 (folded) and  9.91 (unfolded)

--------------------------------------------------------------------------------------------------------
2024-01-18 11:34:11,753 INFO:biomolecule.py:794:apply_pka_values:Applying pKa values at a pH of 14.00:
2024-01-18 11:34:11,753 WARNING:biomolecule.py:847:apply_pka_values:Neutral arginines are very rare. Please double-check your setup.
2024-01-18 11:34:11,753 WARNING:biomolecule.py:847:apply_pka_values:Neutral arginines are very rare. Please double-check your setup.
2024-01-18 11:34:11,753 WARNING:biomolecule.py:847:apply_pka_values:Neutral arginines are very rare. Please double-check your setup.
2024-01-18 11:34:11,754 WARNING:biomolecule.py:847:apply_pka_values:Neutral arginines are very rare. Please double-check your setup.
2024-01-18 11:34:11,754 WARNING:biomolecule.py:847:apply_pka_values:Neutral arginines are very rare. Please double-check your setup.
2024-01-18 11:34:11,755 WARNING:biomolecule.py:847:apply_pka_values:Neutral arginines are very rare. Please double-check your setup.
2024-01-18 11:34:11,755 WARNING:biomolecule.py:847:apply_pka_values:Neutral arginines are very rare. Please double-check your setup.
2024-01-18 11:34:11,755 WARNING:biomolecule.py:847:apply_pka_values:Neutral arginines are very rare. Please double-check your setup.
2024-01-18 11:34:11,756 WARNING:biomolecule.py:847:apply_pka_values:Neutral arginines are very rare. Please double-check your setup.
2024-01-18 11:34:11,756 WARNING:biomolecule.py:847:apply_pka_values:Neutral arginines are very rare. Please double-check your setup.
2024-01-18 11:34:11,757 WARNING:biomolecule.py:847:apply_pka_values:Neutral arginines are very rare. Please double-check your setup.
2024-01-18 11:34:11,757 INFO:main.py:658:non_trivial:Adding hydrogens to biomolecule.
2024-01-18 11:34:11,865 INFO:main.py:661:non_trivial:Debumping biomolecule (again).
2024-01-18 11:34:11,983 INFO:main.py:663:non_trivial:Optimizing hydrogen bonds
2024-01-18 11:34:12,239 INFO:main.py:675:non_trivial:Applying force field to biomolecule states.
2024-01-18 11:34:12,241 INFO:main.py:722:non_trivial:Regenerating headers.
2024-01-18 11:34:12,241 INFO:main.py:747:non_trivial:Regenerating PDB lines.
2024-01-18 11:34:12,250 WARNING:main.py:320:print_pqr:Ignoring 468 header lines in output.
2024-01-18 11:34:12,261 WARNING:main.py:363:print_pdb:Ignoring 468 header lines in output.
2024-01-18 11:34:42,808 INFO:main.py:240:print_splash_screen:PDB2PQR v3.6.2: biomolecular structure conversion software.
2024-01-18 11:34:42,808 INFO:main.py:242:print_splash_screen:Please cite:  Jurrus E, et al.  Improvements to the APBS biomolecular solvation software suite.  Protein Sci 27 112-128 (2018).
2024-01-18 11:34:42,808 INFO:main.py:242:print_splash_screen:Please cite:  Dolinsky TJ, et al.  PDB2PQR: expanding and upgrading automated preparation of biomolecular structures for molecular simulations. Nucleic Acids Res 35 W522-W525 (2007).
2024-01-18 11:34:42,808 INFO:main.py:768:main_driver:Checking and transforming input arguments.
2024-01-18 11:34:42,808 INFO:main.py:772:main_driver:Loading topology files.
2024-01-18 11:34:42,839 INFO:main.py:774:main_driver:Loading molecule: 5xh3.pdb
2024-01-18 11:34:42,847 INFO:main.py:779:main_driver:Setting up molecule.
2024-01-18 11:34:42,858 INFO:main.py:417:setup_molecule:Created biomolecule object with 261 residues and 1911 atoms.
2024-01-18 11:34:42,859 WARNING:main.py:427:setup_molecule:Multiple occupancies found: CA in SER A 63.
2024-01-18 11:34:42,859 WARNING:main.py:427:setup_molecule:Multiple occupancies found: CB in SER A 63.
2024-01-18 11:34:42,859 WARNING:main.py:427:setup_molecule:Multiple occupancies found: OG in SER A 63.
2024-01-18 11:34:42,859 WARNING:main.py:433:setup_molecule:Multiple occupancies found in SER A 63. At least one of the instances is being ignored.
2024-01-18 11:34:42,859 WARNING:main.py:427:setup_molecule:Multiple occupancies found: CA in SER A 92.
2024-01-18 11:34:42,859 WARNING:main.py:427:setup_molecule:Multiple occupancies found: CB in SER A 92.
2024-01-18 11:34:42,859 WARNING:main.py:427:setup_molecule:Multiple occupancies found: OG in SER A 92.
2024-01-18 11:34:42,859 WARNING:main.py:433:setup_molecule:Multiple occupancies found in SER A 92. At least one of the instances is being ignored.
2024-01-18 11:34:42,859 WARNING:main.py:427:setup_molecule:Multiple occupancies found: CA in MET A 125.
2024-01-18 11:34:42,859 WARNING:main.py:427:setup_molecule:Multiple occupancies found: CB in MET A 125.
2024-01-18 11:34:42,859 WARNING:main.py:427:setup_molecule:Multiple occupancies found: CG in MET A 125.
2024-01-18 11:34:42,859 WARNING:main.py:427:setup_molecule:Multiple occupancies found: SD in MET A 125.
2024-01-18 11:34:42,859 WARNING:main.py:427:setup_molecule:Multiple occupancies found: CE in MET A 125.
2024-01-18 11:34:42,859 WARNING:main.py:433:setup_molecule:Multiple occupancies found in MET A 125. At least one of the instances is being ignored.
2024-01-18 11:34:42,859 WARNING:main.py:427:setup_molecule:Multiple occupancies found: CA in SER A 146.
2024-01-18 11:34:42,859 WARNING:main.py:427:setup_molecule:Multiple occupancies found: CB in SER A 146.
2024-01-18 11:34:42,859 WARNING:main.py:427:setup_molecule:Multiple occupancies found: OG in SER A 146.
2024-01-18 11:34:42,859 WARNING:main.py:433:setup_molecule:Multiple occupancies found in SER A 146. At least one of the instances is being ignored.
2024-01-18 11:34:42,859 WARNING:main.py:427:setup_molecule:Multiple occupancies found: CA in SER A 178.
2024-01-18 11:34:42,859 WARNING:main.py:427:setup_molecule:Multiple occupancies found: CB in SER A 178.
2024-01-18 11:34:42,859 WARNING:main.py:427:setup_molecule:Multiple occupancies found: OG in SER A 178.
2024-01-18 11:34:42,859 WARNING:main.py:433:setup_molecule:Multiple occupancies found in SER A 178. At least one of the instances is being ignored.
2024-01-18 11:34:42,859 WARNING:main.py:427:setup_molecule:Multiple occupancies found: CA in SER A 185.
2024-01-18 11:34:42,859 WARNING:main.py:427:setup_molecule:Multiple occupancies found: CB in SER A 185.
2024-01-18 11:34:42,859 WARNING:main.py:427:setup_molecule:Multiple occupancies found: OG in SER A 185.
2024-01-18 11:34:42,859 WARNING:main.py:433:setup_molecule:Multiple occupancies found in SER A 185. At least one of the instances is being ignored.
2024-01-18 11:34:42,859 INFO:main.py:783:main_driver:Setting termini states for biomolecule chains.
2024-01-18 11:34:42,862 INFO:main.py:613:non_trivial:Loading forcefield.
2024-01-18 11:34:42,867 INFO:main.py:617:non_trivial:Loading hydrogen topology definitions.
2024-01-18 11:34:42,868 INFO:main.py:468:is_repairable:This biomolecule is clean.  No repair needed.
2024-01-18 11:34:42,868 INFO:main.py:632:non_trivial:Updating disulfide bridges.
2024-01-18 11:34:42,869 INFO:main.py:635:non_trivial:Debumping biomolecule.
2024-01-18 11:34:42,889 INFO:main.py:642:non_trivial:Assigning titration states with PROPKA.
2024-01-18 11:34:42,895 INFO:output.py:74:print_header:
propka3.5.1                                                                                  2024-01-18

-------------------------------------------------------------------------------
--                                                                           --
--  PROPKA: A PROTEIN PKA PREDICTOR                                          --
--                                                                           --
--  VERSION 1.0,  04/25/2004,  IOWA CITY                                     --
--  BY HUI LI                                                                --
--                                                                           --
--  VERSION 2.0,  11/05/2007, IOWA CITY/COPENHAGEN                           --
--  BY DELPHINE C. BAS AND DAVID M. ROGERS                                   --
--                                                                           --
--  VERSION 3.0,  01/06/2011, COPENHAGEN                                     --
--  BY MATS H.M. OLSSON AND CHRESTEN R. SONDERGARD                           --
--                                                                           --
--  VERSION 3.1,  07/01/2011, COPENHAGEN                                     --
--  BY CHRESTEN R. SONDERGARD AND MATS H.M. OLSSON                           --
--                                                                           --
--  VERSION 3.2,  06/17/2020, PLANET EARTH                                   --
--  SEE ABOVE FOR AUTHORS                                                    --
--                                                                           --
-------------------------------------------------------------------------------


-------------------------------------------------------------------------------
References:

Very Fast Empirical Prediction and Rationalization of Protein pKa Values.
Hui Li, Andrew D. Robertson and Jan H. Jensen. PROTEINS: Structure, Function,
and Bioinformatics. 61:704-721 (2005)

Very Fast Prediction and Rationalization of pKa Values for Protein-Ligand
Complexes.  Delphine C. Bas, David M. Rogers and Jan H. Jensen.  PROTEINS:
Structure, Function, and Bioinformatics 73:765-783 (2008)

PROPKA3: Consistent Treatment of Internal and Surface Residues in Empirical
pKa predictions.  Mats H.M. Olsson, Chresten R. Sondergard, Michal Rostkowski,
and Jan H. Jensen.  Journal of Chemical Theory and Computation, 7(2):525-537
(2011)

Improved Treatment of Ligands and Coupling Effects in Empirical Calculation
and Rationalization of pKa Values.  Chresten R. Sondergaard, Mats H.M. Olsson,
Michal Rostkowski, and Jan H. Jensen.  Journal of Chemical Theory and
Computation, (2011)
-------------------------------------------------------------------------------



2024-01-18 11:34:42,937 INFO:conformation_container.py:124:find_covalently_coupled_groups:Coupling map:

2024-01-18 11:34:42,938 INFO:conformation_container.py:213:calculate_pka:Calculating pKas for Conformation container 1A with 2281 atoms and 639 groups
2024-01-18 11:34:43,028 INFO:output.py:225:print_pka_section:pKa determinants:

---------  -----   ------   ---------------------    --------------    --------------    --------------
                            DESOLVATION  EFFECTS       SIDECHAIN          BACKBONE        COULOMBIC
 RESIDUE    pKa    BURIED     REGULAR      RE        HYDROGEN BOND     HYDROGEN BOND      INTERACTION
---------  -----   ------   ---------   ---------    --------------    --------------    --------------

ASP  83 A   4.77    43 %    1.50  403   0.14    0    0.00 XXX   0 X   -0.53 GLN  62 A   -0.15 ARG  61 A

ASP  89 A   3.61     8 %    0.77  304   0.06    0    0.00 XXX   0 X   -0.81 SER  86 A   -0.21 ARG  94 A

ASP 121 A   2.53    16 %    0.79  327   0.00    0   -0.80 ARG 124 A   -0.67 ALA 123 A   -0.06 ARG   5 A
ASP 121 A                                            0.00 XXX   0 X    0.00 XXX   0 X   -0.10 LYS 148 A
ASP 121 A                                            0.00 XXX   0 X    0.00 XXX   0 X   -0.42 ARG 124 A

ASP 157 A   4.97    41 %    1.34  397   0.40    0    0.00 XXX   0 X   -0.57 SER 159 A    0.00 XXX   0 X

ASP 177 A   2.94    47 %    2.34  414   0.55    0   -1.60 HIS 208 A   -0.61 ILE 179 A   -0.70 HIS 208 A
ASP 177 A                                            0.00 XXX   0 X   -0.83 ALA 180 A    0.00 XXX   0 X

ASP 191 A   4.07    11 %    0.57  311   0.08    0    0.00 XXX   0 X    0.00 XXX   0 X   -0.21 LYS 198 A
ASP 191 A                                            0.00 XXX   0 X    0.00 XXX   0 X   -0.22 ARG 256 A
ASP 191 A                                            0.00 XXX   0 X    0.00 XXX   0 X    0.05 ASP 254 A

ASP 234 A   5.86    90 %    2.93  534   1.49    0   -0.52 ARG 124 A    0.00 XXX   0 X   -0.23 ARG   5 A
ASP 234 A                                            0.00 XXX   0 X    0.00 XXX   0 X   -0.20 LYS 148 A
ASP 234 A                                            0.00 XXX   0 X    0.00 XXX   0 X   -0.07 ARG 238 A
ASP 234 A                                            0.00 XXX   0 X    0.00 XXX   0 X    0.04 ASP 121 A
ASP 234 A                                            0.00 XXX   0 X    0.00 XXX   0 X    0.28 ASP 236 A
ASP 234 A                                            0.00 XXX   0 X    0.00 XXX   0 X   -0.65 ARG 124 A
ASP 234 A                                            0.00 XXX   0 X    0.00 XXX   0 X   -1.01 LYS 230 A

ASP 236 A   2.88    42 %    1.90  398   0.19    0   -1.45 ARG 238 A   -0.54 ARG 238 A   -0.05 N+    1 A
ASP 236 A                                            0.00 XXX   0 X    0.00 XXX   0 X   -0.02 ARG   5 A
ASP 236 A                                            0.00 XXX   0 X    0.00 XXX   0 X   -0.39 LYS 230 A
ASP 236 A                                            0.00 XXX   0 X    0.00 XXX   0 X   -0.05 ARG 231 A
ASP 236 A                                            0.00 XXX   0 X    0.00 XXX   0 X   -0.52 ARG 238 A

ASP 254 A   3.29    26 %    1.15  353   0.09    0   -1.30 ARG 256 A    0.00 XXX   0 X   -0.44 ARG 256 A

GLU  15 A   3.62     7 %    0.44  300   0.05    0   -0.85 LYS 223 A    0.00 XXX   0 X   -0.03 ARG  71 A
GLU  15 A                                            0.00 XXX   0 X    0.00 XXX   0 X   -0.03 ARG 251 A
GLU  15 A                                            0.00 XXX   0 X    0.00 XXX   0 X   -0.46 LYS 223 A

GLU 175 A   4.14     0 %    0.39  259   0.00    0    0.00 XXX   0 X   -0.78 GLY 205 A    0.03 ASP 254 A

GLU 202 A   5.59    37 %    1.39  384   0.04    0   -0.85 SER 253 A    0.00 XXX   0 X   -0.09 ARG 256 A
GLU 202 A                                            0.00 XXX   0 X    0.00 XXX   0 X    0.26 GLU 175 A
GLU 202 A                                            0.00 XXX   0 X    0.00 XXX   0 X    0.34 ASP 254 A

GLU 245 A   5.03    27 %    0.80  356   0.31    0    0.00 XXX   0 X    0.00 XXX   0 X   -0.28 LYS 223 A
GLU 245 A                                            0.00 XXX   0 X    0.00 XXX   0 X   -0.33 LYS 224 A
GLU 245 A                                            0.00 XXX   0 X    0.00 XXX   0 X    0.04 GLU  15 A

C-  261 A   2.18    17 %    0.93  329   0.00    0   -0.79 SER 240 A   -0.06 SER 261 A   -0.48 ARG 231 A
C-  261 A                                           -0.62 ARG 231 A    0.00 XXX   0 X    0.00 XXX   0 X

HIS  75 A   3.29    84 %   -2.44  516   0.00    0    0.00 XXX   0 X    0.00 XXX   0 X   -0.32 ARG  71 A
HIS  75 A                                            0.00 XXX   0 X    0.00 XXX   0 X   -0.45 LYS 230 A

HIS 208 A   6.72    63 %   -2.08  459   0.00    0    1.60 ASP 177 A    0.00 XXX   0 X    0.70 ASP 177 A

CYS 174 A  99.99     0 %    0.00    0   0.00    0    0.00 XXX   0 X    0.00 XXX   0 X    0.00 XXX   0 X

CYS 210 A  99.99     0 %    0.00    0   0.00    0    0.00 XXX   0 X    0.00 XXX   0 X    0.00 XXX   0 X

CYS 244 A  99.99     0 %    0.00    0   0.00    0    0.00 XXX   0 X    0.00 XXX   0 X    0.00 XXX   0 X

CYS 260 A  99.99     0 %    0.00    0   0.00    0    0.00 XXX   0 X    0.00 XXX   0 X    0.00 XXX   0 X

TYR   3 A  10.26     0 %    0.25  235   0.00    0    0.00 XXX   0 X    0.00 XXX   0 X   -0.02 ARG   5 A
TYR   3 A                                            0.00 XXX   0 X    0.00 XXX   0 X    0.23 ASP 121 A
TYR   3 A                                            0.00 XXX   0 X    0.00 XXX   0 X   -0.21 ARG 124 A
TYR   3 A                                            0.00 XXX   0 X    0.00 XXX   0 X    0.01 ASP 234 A

TYR  34 A  12.36    54 %    2.36  432   0.00    0    0.00 XXX   0 X    0.00 XXX   0 X    0.00 XXX   0 X

TYR  40 A  11.21    45 %    1.21  406   0.00    0    0.00 XXX   0 X    0.00 XXX   0 X    0.00 XXX   0 X

TYR  41 A  10.65    13 %    0.74  318   0.00    0    0.00 XXX   0 X    0.00 XXX   0 X   -0.09 ARG  24 A

TYR  58 A  10.24     0 %    0.28  208   0.00    0    0.00 XXX   0 X    0.00 XXX   0 X    0.01 ASP  89 A
TYR  58 A                                            0.00 XXX   0 X    0.00 XXX   0 X   -0.05 ARG  94 A

TYR 117 A  10.14     0 %    0.14  117   0.00    0    0.00 XXX   0 X    0.00 XXX   0 X    0.00 XXX   0 X

TYR 190 A  12.19    48 %    2.13  415   0.00    0    0.00 XXX   0 X    0.00 XXX   0 X    0.12 ASP 191 A
TYR 190 A                                            0.00 XXX   0 X    0.00 XXX   0 X    0.05 ASP 254 A
TYR 190 A                                            0.00 XXX   0 X    0.00 XXX   0 X   -0.11 ARG 256 A

TYR 239 A  12.46    67 %    2.32  468   0.00    0    0.00 XXX   0 X    0.00 XXX   0 X    0.16 ASP 234 A
TYR 239 A                                            0.00 XXX   0 X    0.00 XXX   0 X    0.33 ASP 236 A
TYR 239 A                                            0.00 XXX   0 X    0.00 XXX   0 X   -0.35 ARG 238 A

LYS  66 A  10.22     2 %   -0.28  288   0.00    0    0.00 XXX   0 X    0.00 XXX   0 X    0.00 XXX   0 X

LYS 119 A   9.83    13 %   -0.67  319   0.00    0    0.00 XXX   0 X    0.00 XXX   0 X    0.00 XXX   0 X

LYS 148 A   8.84    40 %   -1.62  392   0.00    0    0.00 XXX   0 X    0.00 XXX   0 X    0.10 ASP 121 A
LYS 148 A                                            0.00 XXX   0 X    0.00 XXX   0 X   -0.30 ARG 124 A
LYS 148 A                                            0.00 XXX   0 X    0.00 XXX   0 X   -0.05 ARG 231 A
LYS 148 A                                            0.00 XXX   0 X    0.00 XXX   0 X    0.20 ASP 234 A

LYS 198 A   9.32    29 %   -1.37  363   0.00    0    0.00 XXX   0 X    0.00 XXX   0 X    0.21 ASP 191 A
LYS 198 A                                            0.00 XXX   0 X    0.00 XXX   0 X   -0.02 ARG 256 A

LYS 223 A  11.01    34 %   -1.07  377   0.00    0    0.85 GLU  15 A    0.00 XXX   0 X   -0.01 ARG  71 A
LYS 223 A                                            0.00 XXX   0 X    0.00 XXX   0 X    0.28 GLU 245 A
LYS 223 A                                            0.00 XXX   0 X    0.00 XXX   0 X    0.46 GLU  15 A

LYS 224 A   7.02    88 %   -3.67  527   0.00    0    0.00 XXX   0 X    0.00 XXX   0 X    0.33 GLU 245 A
LYS 224 A                                            0.00 XXX   0 X    0.00 XXX   0 X   -0.15 LYS 223 A

LYS 230 A   8.45    91 %   -2.97  536   0.00    0    0.00 XXX   0 X    0.00 XXX   0 X   -0.12 ARG   5 A
LYS 230 A                                            0.00 XXX   0 X    0.00 XXX   0 X   -0.05 ARG 124 A
LYS 230 A                                            0.00 XXX   0 X    0.00 XXX   0 X    0.39 ASP 236 A
LYS 230 A                                            0.00 XXX   0 X    0.00 XXX   0 X   -0.30 ARG 238 A
LYS 230 A                                            0.00 XXX   0 X    0.00 XXX   0 X    1.01 ASP 234 A

ARG   5 A  11.61    27 %   -0.97  357   0.00    0    0.00 XXX   0 X    0.00 XXX   0 X    0.02 TYR   3 A
ARG   5 A                                            0.00 XXX   0 X    0.00 XXX   0 X    0.06 ASP 121 A
ARG   5 A                                            0.00 XXX   0 X    0.00 XXX   0 X    0.23 ASP 234 A
ARG   5 A                                            0.00 XXX   0 X    0.00 XXX   0 X    0.02 ASP 236 A
ARG   5 A                                            0.00 XXX   0 X    0.00 XXX   0 X   -0.25 ARG 124 A
ARG   5 A                                            0.00 XXX   0 X    0.00 XXX   0 X   -0.01 ARG 238 A

ARG  24 A  12.39     0 %   -0.20  187   0.00    0    0.00 XXX   0 X    0.00 XXX   0 X    0.09 TYR  41 A

ARG  30 A  12.41     0 %   -0.09  170   0.00    0    0.00 XXX   0 X    0.00 XXX   0 X    0.00 XXX   0 X

ARG  61 A  12.45     0 %   -0.20  211   0.00    0    0.00 XXX   0 X    0.00 XXX   0 X    0.15 ASP  83 A

ARG  71 A  10.57    60 %   -1.96  450   0.00    0    0.00 XXX   0 X    0.00 XXX   0 X    0.03 GLU  15 A

ARG  94 A  10.63    60 %   -2.13  448   0.00    0    0.00 XXX   0 X    0.00 XXX   0 X    0.05 TYR  58 A
ARG  94 A                                            0.00 XXX   0 X    0.00 XXX   0 X    0.21 ASP  89 A

ARG 124 A  13.13    50 %   -1.96  420   0.00    0    0.80 ASP 121 A    0.00 XXX   0 X    0.21 TYR   3 A
ARG 124 A                                            0.52 ASP 234 A    0.00 XXX   0 X    0.42 ASP 121 A
ARG 124 A                                            0.00 XXX   0 X    0.00 XXX   0 X    0.65 ASP 234 A

ARG 195 A  12.24     0 %   -0.26  210   0.00    0    0.00 XXX   0 X    0.00 XXX   0 X    0.00 XXX   0 X

ARG 231 A  12.62    33 %   -1.03  373   0.00    0    0.62 C-  261 A    0.00 XXX   0 X    0.05 ASP 236 A
ARG 231 A                                            0.00 XXX   0 X    0.00 XXX   0 X    0.48 C-  261 A

ARG 238 A  13.97    23 %   -0.91  346   0.00    0    1.45 ASP 236 A    0.00 XXX   0 X    0.07 ASP 234 A
ARG 238 A                                            0.00 XXX   0 X    0.00 XXX   0 X    0.35 TYR 239 A
ARG 238 A                                            0.00 XXX   0 X    0.00 XXX   0 X    0.52 ASP 236 A

ARG 251 A  12.32     0 %   -0.20  251   0.00    0    0.00 XXX   0 X    0.00 XXX   0 X    0.03 GLU  15 A

ARG 256 A  14.17     6 %   -0.49  298   0.00    0    1.30 ASP 254 A    0.00 XXX   0 X    0.11 TYR 190 A
ARG 256 A                                            0.00 XXX   0 X    0.00 XXX   0 X    0.22 ASP 191 A
ARG 256 A                                            0.00 XXX   0 X    0.00 XXX   0 X    0.09 GLU 202 A
ARG 256 A                                            0.00 XXX   0 X    0.00 XXX   0 X    0.44 ASP 254 A

N+    1 A   7.81     0 %   -0.21  181   0.00    0    0.00 XXX   0 X    0.00 XXX   0 X   -0.01 ARG   5 A
N+    1 A                                            0.00 XXX   0 X    0.00 XXX   0 X    0.05 ASP 236 A
N+    1 A                                            0.00 XXX   0 X    0.00 XXX   0 X   -0.02 ARG 238 A


2024-01-18 11:34:43,028 INFO:output.py:227:print_pka_section:pKa summary:
--------------------------------------------------------------------------------------------------------
SUMMARY OF THIS PREDICTION
       Group      pKa  model-pKa   ligand atom-type
   ASP  83 A     4.77       3.80                      
   ASP  89 A     3.61       3.80                      
   ASP 121 A     2.53       3.80                      
   ASP 157 A     4.97       3.80                      
   ASP 177 A     2.94       3.80                      
   ASP 191 A     4.07       3.80                      
   ASP 234 A     5.86       3.80                      
   ASP 236 A     2.88       3.80                      
   ASP 254 A     3.29       3.80                      
   GLU  15 A     3.62       4.50                      
   GLU 175 A     4.14       4.50                      
   GLU 202 A     5.59       4.50                      
   GLU 245 A     5.03       4.50                      
   C-  261 A     2.18       3.20                      
   HIS  75 A     3.29       6.50                      
   HIS 208 A     6.72       6.50                      
   CYS 174 A    99.99       9.00                      
   CYS 210 A    99.99       9.00                      
   CYS 244 A    99.99       9.00                      
   CYS 260 A    99.99       9.00                      
   TYR   3 A    10.26      10.00                      
   TYR  34 A    12.36      10.00                      
   TYR  40 A    11.21      10.00                      
   TYR  41 A    10.65      10.00                      
   TYR  58 A    10.24      10.00                      
   TYR 117 A    10.14      10.00                      
   TYR 190 A    12.19      10.00                      
   TYR 239 A    12.46      10.00                      
   LYS  66 A    10.22      10.50                      
   LYS 119 A     9.83      10.50                      
   LYS 148 A     8.84      10.50                      
   LYS 198 A     9.32      10.50                      
   LYS 223 A    11.01      10.50                      
   LYS 224 A     7.02      10.50                      
   LYS 230 A     8.45      10.50                      
   ARG   5 A    11.61      12.50                      
   ARG  24 A    12.39      12.50                      
   ARG  30 A    12.41      12.50                      
   ARG  61 A    12.45      12.50                      
   ARG  71 A    10.57      12.50                      
   ARG  94 A    10.63      12.50                      
   ARG 124 A    13.13      12.50                      
   ARG 195 A    12.24      12.50                      
   ARG 231 A    12.62      12.50                      
   ARG 238 A    13.97      12.50                      
   ARG 251 A    12.32      12.50                      
   ARG 256 A    14.17      12.50                      
   N+    1 A     7.81       8.00                      

2024-01-18 11:34:43,034 INFO:main.py:645:non_trivial:PROPKA information:
--------------------------------------------------------------------------------------------------------
Free energy of   folding (kcal/mol) as a function of pH (using neutral reference)
  0.00     29.49
  1.00     29.43
  2.00     28.93
  3.00     26.82
  4.00     24.30
  5.00     24.78
  6.00     25.50
  7.00     25.09
  8.00     23.74
  9.00     21.24
 10.00     18.70
 11.00     19.12
 12.00     20.24
 13.00     21.43
 14.00     23.30

The pH of optimum stability is 10.3 for which the free energy is   18.5 kcal/mol at 298K
Could not determine pH values where the free energy is within 80 % of minimum
Could not determine the pH-range where the free energy is negative


Protein charge of folded and unfolded state as a function of pH
    pH  unfolded  folded
  0.00     22.00   21.99
  0.10     22.00   21.98
  0.20     22.00   21.98
  0.30     22.00   21.97
  0.40     21.99   21.97
  0.50     21.99   21.96
  0.60     21.99   21.95
  0.70     21.99   21.93
  0.80     21.99   21.92
  0.90     21.98   21.89
  1.00     21.98   21.87
  1.10     21.97   21.83
  1.20     21.97   21.79
  1.30     21.96   21.75
  1.40     21.95   21.69
  1.50     21.93   21.61
  1.60     21.91   21.52
  1.70     21.89   21.42
  1.80     21.86   21.30
  1.90     21.83   21.15
  2.00     21.79   20.99
  2.10     21.73   20.80
  2.20     21.67   20.59
  2.30     21.59   20.35
  2.40     21.49   20.08
  2.50     21.36   19.80
  2.60     21.22   19.49
  2.70     21.03   19.15
  2.80     20.82   18.80
  2.90     20.56   18.42
  3.00     20.26   18.03
  3.10     19.91   17.62
  3.20     19.50   17.21
  3.30     19.04   16.78
  3.40     18.53   16.35
  3.50     17.96   15.93
  3.60     17.35   15.50
  3.70     16.71   15.08
  3.80     16.03   14.66
  3.90     15.34   14.26
  4.00     14.65   13.86
  4.10     13.97   13.48
  4.20     13.31   13.10
  4.30     12.68   12.74
  4.40     12.08   12.38
  4.50     11.52   12.03
  4.60     11.01   11.69
  4.70     10.55   11.35
  4.80     10.14   11.02
  4.90      9.77   10.70
  5.00      9.45   10.38
  5.10      9.17   10.07
  5.20      8.92    9.77
  5.30      8.71    9.47
  5.40      8.52    9.19
  5.50      8.36    8.92
  5.60      8.21    8.65
  5.70      8.07    8.40
  5.80      7.94    8.16
  5.90      7.82    7.93
  6.00      7.69    7.71
  6.10      7.56    7.50
  6.20      7.43    7.29
  6.30      7.30    7.10
  6.40      7.16    6.90
  6.50      7.02    6.71
  6.60      6.89    6.53
  6.70      6.76    6.34
  6.80      6.63    6.16
  6.90      6.51    5.98
  7.00      6.40    5.80
  7.10      6.29    5.62
  7.20      6.19    5.44
  7.30      6.10    5.27
  7.40      6.00    5.10
  7.50      5.92    4.93
  7.60      5.83    4.76
  7.70      5.74    4.59
  7.80      5.65    4.42
  7.90      5.56    4.25
  8.00      5.46    4.07
  8.10      5.37    3.89
  8.20      5.27    3.70
  8.30      5.16    3.50
  8.40      5.06    3.30
  8.50      4.94    3.10
  8.60      4.82    2.88
  8.70      4.69    2.66
  8.80      4.53    2.42
  8.90      4.36    2.18
  9.00      4.15    1.93
  9.10      3.91    1.66
  9.20      3.63    1.38
  9.30      3.30    1.09
  9.40      2.91    0.77
  9.50      2.46    0.44
  9.60      1.95    0.08
  9.70      1.37   -0.31
  9.80      0.73   -0.72
  9.90      0.04   -1.16
 10.00     -0.71   -1.63
 10.10     -1.49   -2.12
 10.20     -2.30   -2.64
 10.30     -3.11   -3.17
 10.40     -3.91   -3.71
 10.50     -4.69   -4.25
 10.60     -5.44   -4.80
 10.70     -6.15   -5.34
 10.80     -6.80   -5.87
 10.90     -7.40   -6.40
 11.00     -7.96   -6.91
 11.10     -8.46   -7.41
 11.20     -8.93   -7.91
 11.30     -9.37   -8.40
 11.40     -9.79   -8.88
 11.50    -10.21   -9.37
 11.60    -10.63   -9.87
 11.70    -11.07  -10.38
 11.80    -11.54  -10.91
 11.90    -12.04  -11.46
 12.00    -12.59  -12.03
 12.10    -13.18  -12.63
 12.20    -13.82  -13.23
 12.30    -14.49  -13.85
 12.40    -15.19  -14.47
 12.50    -15.91  -15.08
 12.60    -16.61  -15.67
 12.70    -17.30  -16.24
 12.80    -17.95  -16.77
 12.90    -18.55  -17.26
 13.00    -19.09  -17.72
 13.10    -19.57  -18.13
 13.20    -19.98  -18.51
 13.30    -20.34  -18.85
 13.40    -20.65  -19.16
 13.50    -20.90  -19.44
 13.60    -21.11  -19.70
 13.70    -21.28  -19.94
 13.80    -21.42  -20.17
 13.90    -21.54  -20.38
 14.00    -21.63  -20.57
The pI is  9.62 (folded) and  9.91 (unfolded)

--------------------------------------------------------------------------------------------------------
2024-01-18 11:34:43,034 INFO:biomolecule.py:794:apply_pka_values:Applying pKa values at a pH of 1.00:
2024-01-18 11:34:43,036 INFO:main.py:658:non_trivial:Adding hydrogens to biomolecule.
2024-01-18 11:34:43,140 INFO:main.py:661:non_trivial:Debumping biomolecule (again).
2024-01-18 11:34:43,262 INFO:main.py:663:non_trivial:Optimizing hydrogen bonds
2024-01-18 11:34:43,602 INFO:main.py:675:non_trivial:Applying force field to biomolecule states.
2024-01-18 11:34:43,604 INFO:main.py:722:non_trivial:Regenerating headers.
2024-01-18 11:34:43,604 INFO:main.py:747:non_trivial:Regenerating PDB lines.
2024-01-18 11:34:43,613 WARNING:main.py:320:print_pqr:Ignoring 466 header lines in output.
2024-01-18 11:34:43,625 WARNING:main.py:363:print_pdb:Ignoring 466 header lines in output.
