-->    Checking config file...
-->    Checking pathInfo...
-->    No outputDir specified, using current dir for outputDir
-->    pathInfo is correct...
-->    Checking hardwareInfo...
-->    No parallelCPU specified, using default of 1
-->    No subprocessCpus specified, using default of 1
-->    No platform specified, using default of 'CPU'
-->    hardwareInfo is correct...
-->    Checking miscInfo...
-->    Checking config file...
-->    Checking pathInfo...
-->    No outputDir specified, using current dir for outputDir
-->    pathInfo is correct...
-->    Checking hardwareInfo...
-->    No parallelCPU specified, using default of 1
-->    No subprocessCpus specified, using default of 1
-->    No platform specified, using default of 'CPU'
-->    hardwareInfo is correct...
-->    Checking miscInfo...
-->    Checking config file...
-->    Checking pathInfo...
-->    No outputDir specified, using current dir for outputDir
-->    pathInfo is correct...
-->    Checking hardwareInfo...
-->    No parallelCPU specified, using default of 1
-->    No subprocessCpus specified, using default of 1
-->    No platform specified, using default of 'CPU'
-->    hardwareInfo is correct...
-->    Checking miscInfo...
-->    Checking config file...
-->    Checking pathInfo...
-->    No outputDir specified, using current dir for outputDir
-->    pathInfo is correct...
-->    Checking hardwareInfo...
-->    No parallelCPU specified, using default of 1
-->    No subprocessCpus specified, using default of 1
-->    No platform specified, using default of 'CPU'
-->    hardwareInfo is correct...
-->    Checking miscInfo...
-->    Checking config file...
-->    Checking pathInfo...
-->    No outputDir specified, using current dir for outputDir
-->    pathInfo is correct...
-->    Checking hardwareInfo...
-->    No parallelCPU specified, using default of 1
-->    No subprocessCpus specified, using default of 1
-->    No platform specified, using default of 'CPU'
-->    hardwareInfo is correct...
-->    Checking miscInfo...
-->    Checking config file...
-->    Checking pathInfo...
-->    No outputDir specified, using current dir for outputDir
-->    pathInfo is correct...
-->    Checking hardwareInfo...
-->    No parallelCPU specified, using default of 1
-->    No subprocessCpus specified, using default of 1
-->    No platform specified, using default of 'CPU'
-->    hardwareInfo is correct...
-->    Checking miscInfo...
-->    Checking config file...
-->    Checking pathInfo...
-->    No outputDir specified, using current dir for outputDir
-->    pathInfo is correct...
-->    Checking hardwareInfo...
-->    No parallelCPU specified, using default of 1
-->    No subprocessCpus specified, using default of 1
-->    No platform specified, using default of 'CPU'
-->    hardwareInfo is correct...
-->    Checking miscInfo...
-->    Checking simulationInfo...
-->    Checking 01_energy_minimisation...
-->    Checking 02_NVT_pre-equilibraition...
-->    Checking 1...
-->    Checking config file...
-->    Checking pathInfo...
-->    No outputDir specified, using current dir for outputDir
-->    pathInfo is correct...
-->    Checking hardwareInfo...
-->    No parallelCPU specified, using default of 1
-->    No subprocessCpus specified, using default of 1
-->    No platform specified, using default of 'CPU'
-->    hardwareInfo is correct...
-->    Checking miscInfo...
-->    Checking simulationInfo...
-->    Checking 01_energy_minimisation...
-->    Checking 02_NVT_pre-equilibraition...
-->    Checking 1...
-->    Checking config file...
-->    Checking pathInfo...
-->    No outputDir specified, using current dir for outputDir
-->    pathInfo is correct...
-->    Checking hardwareInfo...
-->    No parallelCPU specified, using default of 1
-->    No subprocessCpus specified, using default of 1
-->    No platform specified, using default of 'CPU'
-->    hardwareInfo is correct...
-->    Checking miscInfo...
-->    Checking simulationInfo...
-->    Checking 01_energy_minimisation...
-->    Checking 02_NVT_pre-equilibraition...
-->    Checking 1...
-->    Checking config file...
-->    Checking pathInfo...
-->    No outputDir specified, using current dir for outputDir
-->    pathInfo is correct...
-->    Checking hardwareInfo...
-->    No parallelCPU specified, using default of 1
-->    No subprocessCpus specified, using default of 1
-->    No platform specified, using default of 'CPU'
-->    hardwareInfo is correct...
-->    Checking miscInfo...
-->    Checking simulationInfo...
-->    Checking 01_energy_minimisation...
-->    Checking 02_NVT_pre-equilibraition...
-->    Checking 1...
-->    Checking config file...
-->    Checking pathInfo...
-->    No outputDir specified, using current dir for outputDir
-->    pathInfo is correct...
-->    Checking hardwareInfo...
-->    No parallelCPU specified, using default of 1
-->    No subprocessCpus specified, using default of 1
-->    No platform specified, using default of 'CPU'
-->    hardwareInfo is correct...
-->    Checking miscInfo...
-->    Checking simulationInfo...
-->    Checking 01_energy_minimisation...
-->    Checking 02_NVT_pre-equilibraition...
-->    Checking 1...
-->    Checking config file...
-->    Checking pathInfo...
-->    No outputDir specified, using current dir for outputDir
-->    pathInfo is correct...
-->    Checking hardwareInfo...
-->    No parallelCPU specified, using default of 1
-->    No subprocessCpus specified, using default of 1
-->    No platform specified, using default of 'CPU'
-->    hardwareInfo is correct...
-->    Checking miscInfo...
-->    Checking simulationInfo...
-->    Checking 01_energy_minimisation...
-->    Checking 02_NVT_pre-equilibraition...
-->    Checking 1...
-->    Checking config file...
-->    Checking pathInfo...
-->    No outputDir specified, using current dir for outputDir
-->    pathInfo is correct...
-->    Checking hardwareInfo...
-->    No parallelCPU specified, using default of 1
-->    No subprocessCpus specified, using default of 1
-->    No platform specified, using default of 'CPU'
-->    hardwareInfo is correct...
-->    Checking miscInfo...
-->    Checking simulationInfo...
-->    Checking 01_energy_minimisation...
-->    Checking 02_NVT_pre-equilibraition...
-->    Checking 1...
Checking config file...
Checking pathInfo...
No outputDir specified, using current dir for outputDir
pathInfo is correct...
Checking hardwareInfo...
No parallelCPU specified, using default of 1
No subprocessCpus specified, using default of 1
No platform specified, using default of 'CPU'
hardwareInfo is correct...
Checking miscInfo...
Checking simulationInfo...
Checking 01_energy_minimisation...
Checking 02_NVT_pre-equilibraition...
Checking 1...
Checking config file...
Checking pathInfo...
No outputDir specified, using current dir for outputDir
pathInfo is correct...
Checking hardwareInfo...
No parallelCPU specified, using default of 1
No subprocessCpus specified, using default of 1
No platform specified, using default of 'CPU'
hardwareInfo is correct...
Checking miscInfo...
Checking simulationInfo...
Checking 01_energy_minimisation...
Checking 02_NVT_pre-equilibraition...
Checking 1...
Checking config file...
Checking pathInfo...
No outputDir specified, using current dir for outputDir
pathInfo is correct...
Checking hardwareInfo...
No parallelCPU specified, using default of 1
No subprocessCpus specified, using default of 1
No platform specified, using default of 'CPU'
hardwareInfo is correct...
Checking miscInfo...
Checking simulationInfo...
Checking 01_energy_minimisation...
Checking 02_NVT_pre-equilibraition...
Checking 1...
Checking config file...
Checking pathInfo...
No outputDir specified, using current dir for outputDir
pathInfo is correct...
Checking hardwareInfo...
No parallelCPU specified, using default of 1
No subprocessCpus specified, using default of 1
No platform specified, using default of 'CPU'
hardwareInfo is correct...
Checking miscInfo...
Checking simulationInfo...
Checking 01_energy_minimisation...
Checking 02_NVT_pre-equilibraition...
Checking 1...
Checking config file...
Checking pathInfo...
No outputDir specified, using current dir for outputDir
pathInfo is correct...
Checking hardwareInfo...
No parallelCPU specified, using default of 1
No subprocessCpus specified, using default of 1
No platform specified, using default of 'CPU'
hardwareInfo is correct...
Checking miscInfo...
Checking simulationInfo...
Checking 01_energy_minimisation...
Checking 02_NVT_pre-equilibraition...
Checking 1...
Checking config file...
Checking pathInfo...
No outputDir specified, using current dir for outputDir
pathInfo is correct...
Checking hardwareInfo...
No parallelCPU specified, using default of 1
No subprocessCpus specified, using default of 1
No platform specified, using default of 'CPU'
hardwareInfo is correct...
Checking miscInfo...
Checking simulationInfo...
Checking 01_energy_minimisation...
Checking 02_NVT_pre-equilibraition...
Checking 1...
Checking config file...
Checking pathInfo...
No outputDir specified, using current dir for outputDir
pathInfo is correct...
Checking hardwareInfo...
No parallelCPU specified, using default of 1
No subprocessCpus specified, using default of 1
No platform specified, using default of 'CPU'
hardwareInfo is correct...
Checking miscInfo...
Checking simulationInfo...
Checking 01_energy_minimisation...
Checking 02_NVT_pre-equilibraition...
Checking 1...
Checking postSimulationInfo...
Checking endPointInfo...
Checking config file...
Checking pathInfo...
No outputDir specified, using current dir for outputDir
pathInfo is correct...
Checking hardwareInfo...
No parallelCPU specified, using default of 1
No subprocessCpus specified, using default of 1
No platform specified, using default of 'CPU'
hardwareInfo is correct...
Checking miscInfo...
Checking simulationInfo...
Checking 01_energy_minimisation...
Checking 02_NVT_pre-equilibraition...
Checking 1...
Checking postSimulationInfo...
Checking endPointInfo...
Checking config file...
Checking pathInfo...
No outputDir specified, using current dir for outputDir
pathInfo is correct...
Checking hardwareInfo...
No parallelCPU specified, using default of 1
No subprocessCpus specified, using default of 1
No platform specified, using default of 'CPU'
hardwareInfo is correct...
Checking miscInfo...
Checking simulationInfo...
Checking 01_energy_minimisation...
Checking 02_NVT_pre-equilibraition...
Checking 1...
Checking postSimulationInfo...
Checking endPointInfo...
Checking clusterInfo...
clusterInfo is correct...
