            --------------------------------------------------------
                             AMBER SQM VERSION 19
 
                                     By
              Ross C. Walker, Michael F. Crowley, Scott Brozell,
                         Tim Giese, Andreas W. Goetz,
                        Tai-Sung Lee and David A. Case
 
            --------------------------------------------------------
 

--------------------------------------------------------------------------------
  QM CALCULATION INFO
--------------------------------------------------------------------------------

| QMMM: Citation for AMBER QMMM Run:
| QMMM: R.C. Walker, M.F. Crowley and D.A. Case, J. COMP. CHEM. 29:1019, 2008

QMMM: SINGLET STATE CALCULATION
QMMM: RHF CALCULATION, NO. OF DOUBLY OCCUPIED LEVELS = 54

| QMMM: *** Selected Hamiltonian *** 
| QMMM: AM1         

| QMMM: *** Parameter sets in use ***
| QMMM: C : M.J.S.DEWAR et al. JACS, 107, 3902, (1985)
| QMMM: O : M.J.S.DEWAR et al. JACS, 107, 3902, (1985)
| QMMM: H : M.J.S.DEWAR et al. JACS, 107, 3902, (1985)

| QMMM: *** SCF convergence criteria ***
| QMMM: Energy change                :  0.1D-09 kcal/mol
| QMMM: Error matrix |FP-PF|         :  0.1D+00 au
| QMMM: Density matrix change        :  0.5D-06
| QMMM: Maximum number of SCF cycles :     1000

| QMMM: *** Diagonalization Routine Information ***
| QMMM: Pseudo diagonalizations are allowed.
| QMMM: Auto diagonalization routine selection is in use.
| QMMM:
| QMMM: Timing diagonalization routines:
| QMMM:                              norbs =      103
| QMMM:    diag iterations used for timing =       10
| QMMM:
| QMMM:              Internal diag routine = 0.014043 seconds
| QMMM:                 Dspev diag routine = 0.030974 seconds
| QMMM:                Dspevd diag routine = 0.017302 seconds
| QMMM:                Dspevx diag routine = 0.059353 seconds
| QMMM:                 Dsyev diag routine = 0.021755 seconds
| QMMM:                Dsyevd diag routine = 0.013779 seconds
| QMMM:                Dsyevr diag routine = 0.020502 seconds
| QMMM:
| QMMM:                Pseudo diag routine = 0.009153 seconds
| QMMM:
| QMMM: Using dsyevd routine (diag_routine=6).

  QMMM: QM Region Cartesian Coordinates (*=link atom) 
  QMMM: QM_NO.   MM_NO.  ATOM         X         Y         Z
  QMMM:     1        1      C      -32.6490    8.6000   92.3260
  QMMM:     2        2      C      -31.8080    7.3270   92.5460
  QMMM:     3        3      C      -31.5690    6.9070   86.7370
  QMMM:     4        4      C      -31.0280    5.9690   90.5210
  QMMM:     5        5      C      -31.7150    6.5390   89.2680
  QMMM:     6        6      C      -32.3390   17.1380   88.0420
  QMMM:     7        7      O      -32.5840   18.3180   87.6630
  QMMM:     8        8      C      -31.9240   16.8660   89.4780
  QMMM:     9        9      O      -32.4450   16.1420   87.2860
  QMMM:    10       10      C      -31.6990   15.3560   89.6190
  QMMM:    11       11      C      -32.2900   14.7530   90.8930
  QMMM:    12       12      C      -33.4260   13.7570   90.6640
  QMMM:    13       13      C      -33.8040   13.1200   91.9990
  QMMM:    14       14      C      -33.5480   11.6290   91.9030
  QMMM:    15       15      C      -32.9090   11.0640   93.1630
  QMMM:    16       16      C      -31.9760    9.9010   92.8120
  QMMM:    17       17      C      -30.6840    7.0730   91.5250
  QMMM:    18       18      C      -30.7960    6.7100   88.0450
  QMMM:    19       19      H      -32.1330    6.1350   86.5750
  QMMM:    20       20      H      -32.1210    7.7020   86.8040
  QMMM:    21       21      H      -30.9430    7.0090   86.0030
  QMMM:    22       22      H      -30.2140    7.4720   88.1890
  QMMM:    23       23      H      -30.2260    5.9290   87.9630
  QMMM:    24       24      H      -32.4500    5.9550   89.0240
  QMMM:    25       25      H      -32.1000    7.4010   89.4900
  QMMM:    26       26      H      -30.2180    5.5010   90.2630
  QMMM:    27       27      H      -31.6100    5.3170   90.9420
  QMMM:    28       28      H      -30.4990    7.8950   91.0440
  QMMM:    29       29      H      -29.8720    6.8320   91.9980
  QMMM:    30       30      H      -31.4130    7.3710   93.4310
  QMMM:    31       31      H      -32.4050    6.5620   92.5400
  QMMM:    32       32      H      -33.4980    8.4970   92.7850
  QMMM:    33       33      H      -32.8460    8.6850   91.3800
  QMMM:    34       34      H      -31.3630   10.2010   92.1230
  QMMM:    35       35      H      -31.4430    9.6930   93.5950
  QMMM:    36       36      H      -32.4110   11.7600   93.6200
  QMMM:    37       37      H      -33.5980   10.7600   93.7740
  QMMM:    38       38      H      -34.3860   11.1700   91.7360
  QMMM:    39       39      H      -32.9710   11.4510   91.1440
  QMMM:    40       40      H      -33.2810   13.5070   92.7180
  QMMM:    41       41      H      -34.7370   13.2900   92.2030
  QMMM:    42       42      H      -34.1940   14.2070   90.2780
  QMMM:    43       43      H      -33.1510   13.0740   90.0330
  QMMM:    44       44      H      -31.5810   14.3090   91.3840
  QMMM:    45       45      H      -32.6160   15.4730   91.4550
  QMMM:    46       46      H      -32.0860   14.9080   88.8510
  QMMM:    47       47      H      -30.7460   15.1780   89.6000
  QMMM:    48       48      H      -31.1140   17.3530   89.6960
  QMMM:    49       49      H      -32.6100   17.1670   90.0940

--------------------------------------------------------------------------------
  RESULTS
--------------------------------------------------------------------------------

      iter         sqm energy              rms gradient
      ----    -------------------    -----------------------
xmin    10     -204.1787 kcal/mol        0.8691 kcal/(mol*A)
xmin    20     -206.7516 kcal/mol        0.8761 kcal/(mol*A)
xmin    30     -207.2647 kcal/mol        0.2456 kcal/(mol*A)
xmin    40     -207.5671 kcal/mol        0.1789 kcal/(mol*A)
xmin    50     -207.7392 kcal/mol        0.1649 kcal/(mol*A)
xmin    60     -207.8771 kcal/mol        0.1574 kcal/(mol*A)
xmin    70     -208.0284 kcal/mol        0.1218 kcal/(mol*A)
xmin    80     -208.0692 kcal/mol        0.0790 kcal/(mol*A)
xmin    90     -208.0838 kcal/mol        0.0397 kcal/(mol*A)
xmin   100     -208.0868 kcal/mol        0.0175 kcal/(mol*A)
xmin   110     -208.0896 kcal/mol        0.0275 kcal/(mol*A)
xmin   120     -208.0910 kcal/mol        0.0067 kcal/(mol*A)
xmin   130     -208.0916 kcal/mol        0.0069 kcal/(mol*A)
xmin   140     -208.0920 kcal/mol        0.0099 kcal/(mol*A)
xmin   150     -208.0922 kcal/mol        0.0208 kcal/(mol*A)
xmin   160     -208.0923 kcal/mol        0.0052 kcal/(mol*A)
xmin   170     -208.0925 kcal/mol        0.0061 kcal/(mol*A)
xmin   180     -208.0926 kcal/mol        0.0035 kcal/(mol*A)
xmin   190     -208.0862 kcal/mol        0.0909 kcal/(mol*A)
xmin   200     -208.0927 kcal/mol        0.0046 kcal/(mol*A)
xmin   210     -208.0927 kcal/mol        0.0011 kcal/(mol*A)
xmin   220     -208.0927 kcal/mol        0.0007 kcal/(mol*A)
  ... geometry converged !
 
 Final MO eigenvalues (eV):
 -36.8753  -35.6612  -34.3149  -33.0574  -32.0858  -30.4886  -28.7713  -28.5244
 -26.3815  -24.8834  -23.1350  -21.9538  -21.0828  -19.7460  -19.4198  -18.9620
 -17.8868  -15.2356  -14.8944  -14.5582  -14.2142  -14.0004  -13.6407  -13.4543
 -12.9790  -12.6214  -12.5871  -12.1230  -11.9724  -11.7021  -11.4038  -11.2127
 -11.0897  -10.8971  -10.7733  -10.5459  -10.3769  -10.3540  -10.1295  -10.0537
  -9.8796   -9.7146   -9.6804   -9.5551   -9.4139   -9.1386   -8.7447   -8.6500
  -8.4675   -7.7544   -7.2165   -4.6615   -4.3625   -4.0976    4.9151    4.9182
   5.1388    5.2364    5.3723    5.4016    5.4898    5.6025    5.7048    5.8141
   5.8267    5.9230    5.9733    6.0383    6.0579    6.1403    6.1879    6.2174
   6.2670    6.3339    6.3915    6.4454    6.4768    6.5015    6.5909    6.6068
   6.6376    6.6788    6.7421    6.8137    6.9751    6.9950    7.0997    7.1908
   7.2481    7.4461    7.6578    7.7704    7.9398    7.9748    8.2002    8.3804
   8.6810    9.0314    9.3003    9.3962    9.4856   12.9093   13.8119

 Heat of formation   =       -208.09271917 kcal/mol  (       -9.02357743 eV)

 Total SCF energy    =     -71981.08628202 kcal/mol  (    -3121.33412610 eV)
 Electronic energy   =    -471580.58205803 kcal/mol  (   -20449.26855115 eV)
 Core-core repulsion =     399599.49577601 kcal/mol  (    17327.93442505 eV)
 
    Atomic Charges for Step       1 :
  Atom    Element       Mulliken Charge
     1      C                 -0.158
     2      C                 -0.155
     3      C                 -0.210
     4      C                 -0.156
     5      C                 -0.156
     6      C                  0.327
     7      O                 -0.586
     8      C                 -0.223
     9      O                 -0.590
    10      C                 -0.145
    11      C                 -0.153
    12      C                 -0.158
    13      C                 -0.155
    14      C                 -0.158
    15      C                 -0.157
    16      C                 -0.155
    17      C                 -0.159
    18      C                 -0.160
    19      H                  0.066
    20      H                  0.072
    21      H                  0.071
    22      H                  0.086
    23      H                  0.076
    24      H                  0.070
    25      H                  0.081
    26      H                  0.076
    27      H                  0.074
    28      H                  0.086
    29      H                  0.082
    30      H                  0.073
    31      H                  0.073
    32      H                  0.074
    33      H                  0.088
    34      H                  0.081
    35      H                  0.067
    36      H                  0.074
    37      H                  0.074
    38      H                  0.077
    39      H                  0.084
    40      H                  0.073
    41      H                  0.064
    42      H                  0.091
    43      H                  0.078
    44      H                  0.050
    45      H                  0.065
    46      H                  0.100
    47      H                  0.067
    48      H                  0.060
    49      H                  0.056
 Total Mulliken Charge =      -1.000
 
                  X        Y        Z     TOTAL  
  QM DIPOLE   155.869  -88.095 -424.196  460.432
 
 Final Structure

  QMMM: QM Region Cartesian Coordinates (*=link atom) 
  QMMM: QM_NO.   MM_NO.  ATOM         X         Y         Z
  QMMM:     1        1      C      -32.9782    8.9006   91.8856
  QMMM:     2        2      C      -32.3411    7.5411   91.6861
  QMMM:     3        3      C      -31.8619    4.8625   87.1445
  QMMM:     4        4      C      -30.5526    6.2229   90.5033
  QMMM:     5        5      C      -31.3314    5.3578   89.5341
  QMMM:     6        6      C      -32.4430   18.1917   88.7174
  QMMM:     7        7      O      -32.0343   19.3831   88.8338
  QMMM:     8        8      C      -32.3771   17.2874   89.9611
  QMMM:     9        9      O      -32.9175   17.7126   87.6465
  QMMM:    10       10      C      -31.7962   15.9357   89.6247
  QMMM:    11       11      C      -31.8635   14.9550   90.7785
  QMMM:    12       12      C      -33.2443   14.3539   90.9365
  QMMM:    13       13      C      -33.3407   13.4092   92.1162
  QMMM:    14       14      C      -32.6934   12.0689   91.8377
  QMMM:    15       15      C      -32.8219   11.1385   93.0254
  QMMM:    16       16      C      -32.1583    9.7980   92.7886
  QMMM:    17       17      C      -31.1712    7.5879   90.7254
  QMMM:    18       18      C      -31.0734    5.7323   88.0895
  QMMM:    19       19      H      -31.5889    3.7875   87.2760
  QMMM:    20       20      H      -32.9578    4.9702   87.3312
  QMMM:    21       21      H      -31.6548    5.1523   86.0861
  QMMM:    22       22      H      -31.3457    6.8085   87.9252
  QMMM:    23       23      H      -29.9780    5.6324   87.8672
  QMMM:    24       24      H      -31.0423    4.2840   89.6887
  QMMM:    25       25      H      -32.4292    5.4389   89.7505
  QMMM:    26       26      H      -29.5065    6.3553   90.1178
  QMMM:    27       27      H      -30.4764    5.6892   91.4879
  QMMM:    28       28      H      -31.5081    8.0163   89.7447
  QMMM:    29       29      H      -30.3880    8.2797   91.1356
  QMMM:    30       30      H      -31.9982    7.1366   92.6749
  QMMM:    31       31      H      -33.1155    6.8318   91.2896
  QMMM:    32       32      H      -33.9971    8.7612   92.3363
  QMMM:    33       33      H      -33.1224    9.3995   90.8910
  QMMM:    34       34      H      -31.1424    9.9572   92.3399
  QMMM:    35       35      H      -32.0079    9.2848   93.7758
  QMMM:    36       36      H      -32.3499   11.6236   93.9212
  QMMM:    37       37      H      -33.9068   10.9855   93.2665
  QMMM:    38       38      H      -33.1728   11.6019   90.9373
  QMMM:    39       39      H      -31.6089   12.2198   91.5931
  QMMM:    40       40      H      -32.8585   13.8779   93.0142
  QMMM:    41       41      H      -34.4223   13.2461   92.3691
  QMMM:    42       42      H      -33.9872   15.1849   91.0730
  QMMM:    43       43      H      -33.5262   13.8132   89.9949
  QMMM:    44       44      H      -31.1214   14.1299   90.6093
  QMMM:    45       45      H      -31.5704   15.4732   91.7295
  QMMM:    46       46      H      -32.3390   15.5243   88.7319
  QMMM:    47       47      H      -30.7226   16.0671   89.3256
  QMMM:    48       48      H      -31.7650   17.7885   90.7520
  QMMM:    49       49      H      -33.4191   17.1729   90.3544

           --------- Calculation Completed ----------

