-->	Checking config file...
-->	Checking config file...
-->	Checking pathInfo...
-->	pathInfo is correct...
-->	Checking generalInfo...
-->	generalInfo is correct...
-->	Checking ligandInfo...
-->	Checking simulationInfo...
-->	Checking 011_energy_minimisation...
		simulationType: EM
		with restraints
-->	Checking 021_NVT...
		simulationType: NVT
		with restraints
-->	Checking 022_NpT...
		simulationType: NPT
		with restraints
-->	simulationInfo is correct...
-->	Checking postSimulationInfo...
-->	Optional postSimulationInfo is not present
-->	Config file is correct
